  [1m[35m (1.2ms)[0m  [1m[35mCREATE TABLE "schema_migrations" ("version" varchar NOT NULL PRIMARY KEY)[0m
  [1m[35m (0.4ms)[0m  [1m[35mCREATE TABLE "ar_internal_metadata" ("key" varchar NOT NULL PRIMARY KEY, "value" varchar, "created_at" datetime(6) NOT NULL, "updated_at" datetime(6) NOT NULL)[0m
  [1m[36mActiveRecord::SchemaMigration Pluck (0.2ms)[0m  [1m[34mSELECT "schema_migrations"."version" FROM "schema_migrations" ORDER BY "schema_migrations"."version" ASC[0m
Migrating to CreateUsers (20220923203921)
  [1m[36mTRANSACTION (0.0ms)[0m  [1m[36mbegin transaction[0m
  [1m[35m (0.3ms)[0m  [1m[35mCREATE TABLE "users" ("id" integer PRIMARY KEY AUTOINCREMENT NOT NULL, "username" varchar NOT NULL, "session_token" varchar NOT NULL, "password_digest" varchar NOT NULL, "created_at" datetime(6) NOT NULL, "updated_at" datetime(6) NOT NULL)[0m
  [1m[35m (0.1ms)[0m  [1m[35mCREATE INDEX "index_users_on_username" ON "users" ("username")[0m
  [1m[35m (0.0ms)[0m  [1m[35mCREATE INDEX "index_users_on_session_token" ON "users" ("session_token")[0m
  [1m[36mActiveRecord::SchemaMigration Create (0.1ms)[0m  [1m[32mINSERT INTO "schema_migrations" ("version") VALUES (?)[0m  [["version", "20220923203921"]]
  [1m[36mTRANSACTION (0.4ms)[0m  [1m[36mcommit transaction[0m
  [1m[36mActiveRecord::InternalMetadata Load (0.1ms)[0m  [1m[34mSELECT "ar_internal_metadata".* FROM "ar_internal_metadata" WHERE "ar_internal_metadata"."key" = ? LIMIT ?[0m  [["key", "environment"], ["LIMIT", 1]]
  [1m[36mTRANSACTION (0.0ms)[0m  [1m[36mbegin transaction[0m
  [1m[36mActiveRecord::InternalMetadata Create (0.2ms)[0m  [1m[32mINSERT INTO "ar_internal_metadata" ("key", "value", "created_at", "updated_at") VALUES (?, ?, ?, ?)[0m  [["key", "environment"], ["value", "development"], ["created_at", "2022-09-23 20:53:11.541894"], ["updated_at", "2022-09-23 20:53:11.541894"]]
  [1m[36mTRANSACTION (0.3ms)[0m  [1m[36mcommit transaction[0m
  [1m[36mActiveRecord::SchemaMigration Pluck (0.0ms)[0m  [1m[34mSELECT "schema_migrations"."version" FROM "schema_migrations" ORDER BY "schema_migrations"."version" ASC[0m
  [1m[36mActiveRecord::SchemaMigration Pluck (0.1ms)[0m  [1m[34mSELECT "schema_migrations"."version" FROM "schema_migrations" ORDER BY "schema_migrations"."version" ASC[0m
  [1m[36mActiveRecord::InternalMetadata Pluck (0.0ms)[0m  [1m[34mSELECT "ar_internal_metadata"."value" FROM "ar_internal_metadata" WHERE "ar_internal_metadata"."key" = ? LIMIT ?[0m  [["key", "environment"], ["LIMIT", 1]]
  [1m[36mActiveRecord::SchemaMigration Pluck (0.0ms)[0m  [1m[34mSELECT "schema_migrations"."version" FROM "schema_migrations" ORDER BY "schema_migrations"."version" ASC[0m
  [1m[36mActiveRecord::InternalMetadata Pluck (0.0ms)[0m  [1m[34mSELECT "ar_internal_metadata"."value" FROM "ar_internal_metadata" WHERE "ar_internal_metadata"."key" = ? LIMIT ?[0m  [["key", "environment"], ["LIMIT", 1]]
  [1m[36mActiveRecord::SchemaMigration Pluck (0.0ms)[0m  [1m[34mSELECT "schema_migrations"."version" FROM "schema_migrations" ORDER BY "schema_migrations"."version" ASC[0m
  [1m[36mActiveRecord::InternalMetadata Pluck (0.0ms)[0m  [1m[34mSELECT "ar_internal_metadata"."value" FROM "ar_internal_metadata" WHERE "ar_internal_metadata"."key" = ? LIMIT ?[0m  [["key", "environment"], ["LIMIT", 1]]
  [1m[35m (0.0ms)[0m  [1m[35mDROP TABLE IF EXISTS "users"[0m
  [1m[35m (0.6ms)[0m  [1m[35mCREATE TABLE "users" ("id" integer PRIMARY KEY AUTOINCREMENT NOT NULL, "username" varchar NOT NULL, "session_token" varchar NOT NULL, "password_digest" varchar NOT NULL, "created_at" datetime(6) NOT NULL, "updated_at" datetime(6) NOT NULL)[0m
  [1m[35m (0.3ms)[0m  [1m[35mCREATE INDEX "index_users_on_session_token" ON "users" ("session_token")[0m
  [1m[35m (0.3ms)[0m  [1m[35mCREATE INDEX "index_users_on_username" ON "users" ("username")[0m
  [1m[35m (0.7ms)[0m  [1m[35mCREATE TABLE "schema_migrations" ("version" varchar NOT NULL PRIMARY KEY)[0m
  [1m[36mActiveRecord::SchemaMigration Pluck (0.0ms)[0m  [1m[34mSELECT "schema_migrations"."version" FROM "schema_migrations" ORDER BY "schema_migrations"."version" ASC[0m
  [1m[35m (0.4ms)[0m  [1m[32mINSERT INTO "schema_migrations" (version) VALUES (20220923203921)[0m
  [1m[35m (0.4ms)[0m  [1m[35mCREATE TABLE "ar_internal_metadata" ("key" varchar NOT NULL PRIMARY KEY, "value" varchar, "created_at" datetime(6) NOT NULL, "updated_at" datetime(6) NOT NULL)[0m
  [1m[36mActiveRecord::InternalMetadata Load (0.0ms)[0m  [1m[34mSELECT "ar_internal_metadata".* FROM "ar_internal_metadata" WHERE "ar_internal_metadata"."key" = ? LIMIT ?[0m  [["key", "environment"], ["LIMIT", 1]]
  [1m[36mTRANSACTION (0.0ms)[0m  [1m[36mbegin transaction[0m
  [1m[36mActiveRecord::InternalMetadata Create (0.2ms)[0m  [1m[32mINSERT INTO "ar_internal_metadata" ("key", "value", "created_at", "updated_at") VALUES (?, ?, ?, ?)[0m  [["key", "environment"], ["value", "development"], ["created_at", "2022-09-23 20:56:32.696232"], ["updated_at", "2022-09-23 20:56:32.696232"]]
  [1m[36mTRANSACTION (0.3ms)[0m  [1m[36mcommit transaction[0m
  [1m[36mActiveRecord::InternalMetadata Load (0.0ms)[0m  [1m[34mSELECT "ar_internal_metadata".* FROM "ar_internal_metadata" WHERE "ar_internal_metadata"."key" = ? LIMIT ?[0m  [["key", "environment"], ["LIMIT", 1]]
  [1m[36mActiveRecord::InternalMetadata Load (0.0ms)[0m  [1m[34mSELECT "ar_internal_metadata".* FROM "ar_internal_metadata" WHERE "ar_internal_metadata"."key" = ? LIMIT ?[0m  [["key", "schema_sha1"], ["LIMIT", 1]]
  [1m[36mTRANSACTION (0.1ms)[0m  [1m[36mbegin transaction[0m
  [1m[36mActiveRecord::InternalMetadata Create (0.1ms)[0m  [1m[32mINSERT INTO "ar_internal_metadata" ("key", "value", "created_at", "updated_at") VALUES (?, ?, ?, ?)[0m  [["key", "schema_sha1"], ["value", "0baaedcbdd1fc2df5050395e963dd46654f70409"], ["created_at", "2022-09-23 20:56:32.699847"], ["updated_at", "2022-09-23 20:56:32.699847"]]
  [1m[36mTRANSACTION (0.4ms)[0m  [1m[36mcommit transaction[0m
  [1m[35m (0.0ms)[0m  [1m[35mDROP TABLE IF EXISTS "users"[0m
  [1m[35m (0.3ms)[0m  [1m[35mCREATE TABLE "users" ("id" integer PRIMARY KEY AUTOINCREMENT NOT NULL, "username" varchar NOT NULL, "session_token" varchar NOT NULL, "password_digest" varchar NOT NULL, "created_at" datetime(6) NOT NULL, "updated_at" datetime(6) NOT NULL)[0m
  [1m[35m (0.2ms)[0m  [1m[35mCREATE INDEX "index_users_on_session_token" ON "users" ("session_token")[0m
  [1m[35m (0.2ms)[0m  [1m[35mCREATE INDEX "index_users_on_username" ON "users" ("username")[0m
  [1m[35m (0.3ms)[0m  [1m[35mCREATE TABLE "schema_migrations" ("version" varchar NOT NULL PRIMARY KEY)[0m
  [1m[36mActiveRecord::SchemaMigration Pluck (0.0ms)[0m  [1m[34mSELECT "schema_migrations"."version" FROM "schema_migrations" ORDER BY "schema_migrations"."version" ASC[0m
  [1m[35m (0.3ms)[0m  [1m[32mINSERT INTO "schema_migrations" (version) VALUES (20220923203921)[0m
  [1m[35m (0.3ms)[0m  [1m[35mCREATE TABLE "ar_internal_metadata" ("key" varchar NOT NULL PRIMARY KEY, "value" varchar, "created_at" datetime(6) NOT NULL, "updated_at" datetime(6) NOT NULL)[0m
  [1m[36mActiveRecord::InternalMetadata Load (0.0ms)[0m  [1m[34mSELECT "ar_internal_metadata".* FROM "ar_internal_metadata" WHERE "ar_internal_metadata"."key" = ? LIMIT ?[0m  [["key", "environment"], ["LIMIT", 1]]
  [1m[36mTRANSACTION (0.0ms)[0m  [1m[36mbegin transaction[0m
  [1m[36mActiveRecord::InternalMetadata Create (0.1ms)[0m  [1m[32mINSERT INTO "ar_internal_metadata" ("key", "value", "created_at", "updated_at") VALUES (?, ?, ?, ?)[0m  [["key", "environment"], ["value", "development"], ["created_at", "2022-09-23 20:56:32.705581"], ["updated_at", "2022-09-23 20:56:32.705581"]]
  [1m[36mTRANSACTION (0.3ms)[0m  [1m[36mcommit transaction[0m
  [1m[36mActiveRecord::InternalMetadata Load (0.0ms)[0m  [1m[34mSELECT "ar_internal_metadata".* FROM "ar_internal_metadata" WHERE "ar_internal_metadata"."key" = ? LIMIT ?[0m  [["key", "environment"], ["LIMIT", 1]]
  [1m[36mTRANSACTION (0.0ms)[0m  [1m[36mbegin transaction[0m
  [1m[36mActiveRecord::InternalMetadata Update (0.1ms)[0m  [1m[33mUPDATE "ar_internal_metadata" SET "value" = ?, "updated_at" = ? WHERE "ar_internal_metadata"."key" = ?[0m  [["value", "test"], ["updated_at", "2022-09-23 20:56:32.707257"], ["key", "environment"]]
  [1m[36mTRANSACTION (0.2ms)[0m  [1m[36mcommit transaction[0m
  [1m[36mActiveRecord::InternalMetadata Load (0.0ms)[0m  [1m[34mSELECT "ar_internal_metadata".* FROM "ar_internal_metadata" WHERE "ar_internal_metadata"."key" = ? LIMIT ?[0m  [["key", "schema_sha1"], ["LIMIT", 1]]
  [1m[36mTRANSACTION (0.0ms)[0m  [1m[36mbegin transaction[0m
  [1m[36mActiveRecord::InternalMetadata Create (0.1ms)[0m  [1m[32mINSERT INTO "ar_internal_metadata" ("key", "value", "created_at", "updated_at") VALUES (?, ?, ?, ?)[0m  [["key", "schema_sha1"], ["value", "0baaedcbdd1fc2df5050395e963dd46654f70409"], ["created_at", "2022-09-23 20:56:32.709048"], ["updated_at", "2022-09-23 20:56:32.709048"]]
  [1m[36mTRANSACTION (0.3ms)[0m  [1m[36mcommit transaction[0m
  [1m[36mActiveRecord::SchemaMigration Pluck (0.0ms)[0m  [1m[34mSELECT "schema_migrations"."version" FROM "schema_migrations" ORDER BY "schema_migrations"."version" ASC[0m
  [1m[36mActiveRecord::SchemaMigration Pluck (0.0ms)[0m  [1m[34mSELECT "schema_migrations"."version" FROM "schema_migrations" ORDER BY "schema_migrations"."version" ASC[0m
  [1m[36mActiveRecord::InternalMetadata Load (0.0ms)[0m  [1m[34mSELECT "ar_internal_metadata".* FROM "ar_internal_metadata" WHERE "ar_internal_metadata"."key" = ? LIMIT ?[0m  [["key", "environment"], ["LIMIT", 1]]
  [1m[36mActiveRecord::SchemaMigration Pluck (0.0ms)[0m  [1m[34mSELECT "schema_migrations"."version" FROM "schema_migrations" ORDER BY "schema_migrations"."version" ASC[0m
  [1m[36mActiveRecord::SchemaMigration Pluck (0.2ms)[0m  [1m[34mSELECT "schema_migrations"."version" FROM "schema_migrations" ORDER BY "schema_migrations"."version" ASC[0m
  [1m[36mActiveRecord::SchemaMigration Pluck (0.1ms)[0m  [1m[34mSELECT "schema_migrations"."version" FROM "schema_migrations" ORDER BY "schema_migrations"."version" ASC[0m
Migrating to CreateSubs (20220923212736)
  [1m[36mTRANSACTION (0.0ms)[0m  [1m[36mbegin transaction[0m
  [1m[35m (0.3ms)[0m  [1m[35mCREATE TABLE "subs" ("id" integer PRIMARY KEY AUTOINCREMENT NOT NULL, "title" varchar NOT NULL, "description" varchar, "moderator_id" integer NOT NULL, "created_at" datetime(6) NOT NULL, "updated_at" datetime(6) NOT NULL, CONSTRAINT "fk_rails_290fd73d41"
FOREIGN KEY ("moderator_id")
  REFERENCES "users" ("id")
)[0m
  [1m[35m (0.1ms)[0m  [1m[35mCREATE INDEX "index_subs_on_title" ON "subs" ("title")[0m
  [1m[35m (0.0ms)[0m  [1m[35mCREATE INDEX "index_subs_on_moderator_id" ON "subs" ("moderator_id")[0m
  [1m[36mActiveRecord::SchemaMigration Create (0.1ms)[0m  [1m[32mINSERT INTO "schema_migrations" ("version") VALUES (?)[0m  [["version", "20220923212736"]]
  [1m[36mTRANSACTION (0.4ms)[0m  [1m[36mcommit transaction[0m
  [1m[36mActiveRecord::InternalMetadata Load (0.1ms)[0m  [1m[34mSELECT "ar_internal_metadata".* FROM "ar_internal_metadata" WHERE "ar_internal_metadata"."key" = ? LIMIT ?[0m  [["key", "environment"], ["LIMIT", 1]]
  [1m[36mActiveRecord::SchemaMigration Pluck (0.0ms)[0m  [1m[34mSELECT "schema_migrations"."version" FROM "schema_migrations" ORDER BY "schema_migrations"."version" ASC[0m
  [1m[36mActiveRecord::SchemaMigration Pluck (0.3ms)[0m  [1m[34mSELECT "schema_migrations"."version" FROM "schema_migrations" ORDER BY "schema_migrations"."version" ASC[0m
Migrating to CreatePosts (20220923221046)
  [1m[36mTRANSACTION (0.0ms)[0m  [1m[36mbegin transaction[0m
  [1m[35m (0.5ms)[0m  [1m[35mCREATE TABLE "posts" ("id" integer PRIMARY KEY AUTOINCREMENT NOT NULL, "title" varchar NOT NULL, "url" varchar, "content" varchar, "sub_id" integer NOT NULL, "author_id" integer NOT NULL, "created_at" datetime(6) NOT NULL, "updated_at" datetime(6) NOT NULL, CONSTRAINT "fk_rails_5bdccabcd5"
FOREIGN KEY ("sub_id")
  REFERENCES "subs" ("id")
, CONSTRAINT "fk_rails_04d13ef8c7"
FOREIGN KEY ("author_id")
  REFERENCES "users" ("id")
)[0m
  [1m[35m (0.1ms)[0m  [1m[35mCREATE INDEX "index_posts_on_sub_id" ON "posts" ("sub_id")[0m
  [1m[35m (0.0ms)[0m  [1m[35mCREATE INDEX "index_posts_on_author_id" ON "posts" ("author_id")[0m
  [1m[36mActiveRecord::SchemaMigration Create (0.1ms)[0m  [1m[32mINSERT INTO "schema_migrations" ("version") VALUES (?)[0m  [["version", "20220923221046"]]
  [1m[36mTRANSACTION (0.4ms)[0m  [1m[36mcommit transaction[0m
  [1m[36mActiveRecord::InternalMetadata Load (0.2ms)[0m  [1m[34mSELECT "ar_internal_metadata".* FROM "ar_internal_metadata" WHERE "ar_internal_metadata"."key" = ? LIMIT ?[0m  [["key", "environment"], ["LIMIT", 1]]
  [1m[36mActiveRecord::SchemaMigration Pluck (0.0ms)[0m  [1m[34mSELECT "schema_migrations"."version" FROM "schema_migrations" ORDER BY "schema_migrations"."version" ASC[0m
  [1m[36mActiveRecord::SchemaMigration Pluck (0.2ms)[0m  [1m[34mSELECT "schema_migrations"."version" FROM "schema_migrations" ORDER BY "schema_migrations"."version" ASC[0m
Started GET "/session/new" for ::1 at 2022-09-23 16:14:51 -0700
  [1m[36mActiveRecord::SchemaMigration Pluck (0.3ms)[0m  [1m[34mSELECT "schema_migrations"."version" FROM "schema_migrations" ORDER BY "schema_migrations"."version" ASC[0m
Processing by SessionsController#new as HTML
Completed 500 Internal Server Error in 44ms (ActiveRecord: 0.2ms | Allocations: 12319)



ActionView::MissingTemplate - Missing template sessions/new, application/new with {:locale=>[:en], :formats=>[:html], :variants=>[], :handlers=>[:raw, :erb, :html, :builder, :ruby, :jbuilder]}.
Searched in:
  * "/Users/mitchelljindra/Desktop/W7D5/reddit_clone/app/views"
  * "/Users/mitchelljindra/.rbenv/versions/3.1.1/lib/ruby/gems/3.1.0/gems/actiontext-7.0.4/app/views"
  * "/Users/mitchelljindra/.rbenv/versions/3.1.1/lib/ruby/gems/3.1.0/gems/actionmailbox-7.0.4/app/views"
Did you mean?  rails/conductor/action_mailbox/inbound_emails/new
               rails/conductor/action_mailbox/inbound_emails/sources/new
               rails/conductor/action_mailbox/inbound_emails/show
               rails/conductor/action_mailbox/inbound_emails/index
               layouts/rails/conductor
               layouts/application:
  app/controllers/sessions_controller.rb:7:in `new'

Started POST "/__better_errors/4ea2045a6fc4b5a1/variables" for ::1 at 2022-09-23 16:14:51 -0700
Started GET "/session/new" for ::1 at 2022-09-23 16:17:31 -0700
Processing by SessionsController#new as HTML
  Rendering layout layouts/application.html.erb
  Rendering sessions/new.html.erb within layouts/application
  Rendered sessions/new.html.erb within layouts/application (Duration: 3.9ms | Allocations: 1055)
  [1m[36mUser Load (0.1ms)[0m  [1m[34mSELECT "users".* FROM "users" WHERE "users"."session_token" IS NULL LIMIT ?[0m  [["LIMIT", 1]]
  ↳ app/controllers/application_controller.rb:5:in `current_user'
  Rendered layout layouts/application.html.erb (Duration: 755.6ms | Allocations: 94818)
Completed 200 OK in 778ms (Views: 776.8ms | ActiveRecord: 0.1ms | Allocations: 112877)


Started GET "/session/new" for ::1 at 2022-09-23 16:19:12 -0700
Processing by SessionsController#new as HTML
  Rendering layout layouts/application.html.erb
  Rendering sessions/new.html.erb within layouts/application
  Rendered sessions/new.html.erb within layouts/application (Duration: 0.8ms | Allocations: 683)
  [1m[36mUser Load (0.1ms)[0m  [1m[34mSELECT "users".* FROM "users" WHERE "users"."session_token" IS NULL LIMIT ?[0m  [["LIMIT", 1]]
  ↳ app/controllers/application_controller.rb:5:in `current_user'
  Rendered layout layouts/application.html.erb (Duration: 6.2ms | Allocations: 4126)
Completed 200 OK in 9ms (Views: 8.1ms | ActiveRecord: 0.1ms | Allocations: 4955)


Started POST "/session" for ::1 at 2022-09-23 16:22:13 -0700
Processing by SessionsController#create as TURBO_STREAM
  Parameters: {"authenticity_token"=>"[FILTERED]", "user"=>{"username"=>"mitch", "password"=>"[FILTERED]"}}
Completed 500 Internal Server Error in 37ms (ActiveRecord: 0.0ms | Allocations: 5226)



NoMethodError - undefined method `find_by_usernmae' for User:Class
Did you mean?  find_by_sql:
  app/models/user.rb:27:in `find_by_credentials'
  app/controllers/sessions_controller.rb:11:in `create'

Started POST "/__better_errors/59fae9ee87384b63/variables" for ::1 at 2022-09-23 16:22:13 -0700
Started GET "/session/new" for ::1 at 2022-09-23 16:22:44 -0700
Processing by SessionsController#new as HTML
  Rendering layout layouts/application.html.erb
  Rendering sessions/new.html.erb within layouts/application
  Rendered sessions/new.html.erb within layouts/application (Duration: 0.5ms | Allocations: 672)
  [1m[36mUser Load (0.1ms)[0m  [1m[34mSELECT "users".* FROM "users" WHERE "users"."session_token" IS NULL LIMIT ?[0m  [["LIMIT", 1]]
  ↳ app/controllers/application_controller.rb:5:in `current_user'
  Rendered layout layouts/application.html.erb (Duration: 7.8ms | Allocations: 15730)
Completed 200 OK in 13ms (Views: 8.6ms | ActiveRecord: 0.4ms | Allocations: 20170)


Started POST "/session" for ::1 at 2022-09-23 16:22:50 -0700
Processing by SessionsController#create as TURBO_STREAM
  Parameters: {"authenticity_token"=>"[FILTERED]", "user"=>{"username"=>"mitchell", "password"=>"[FILTERED]"}}
  [1m[36mUser Load (1.0ms)[0m  [1m[34mSELECT "users".* FROM "users" WHERE "users"."username" = ? LIMIT ?[0m  [["username", "mitchell"], ["LIMIT", 1]]
  ↳ app/models/user.rb:27:in `find_by_credentials'
  Rendering layout layouts/application.html.erb
  Rendering sessions/new.html.erb within layouts/application
  Rendered sessions/new.html.erb within layouts/application (Duration: 3.1ms | Allocations: 3815)
  Rendered layout layouts/application.html.erb (Duration: 3.4ms | Allocations: 3895)
Completed 500 Internal Server Error in 10ms (ActiveRecord: 1.0ms | Allocations: 6482)



NoMethodError - undefined method `username' for nil:NilClass:
  app/views/sessions/new.html.erb:5
  app/controllers/sessions_controller.rb:17:in `create'

Started POST "/__better_errors/a5970a49d403df52/variables" for ::1 at 2022-09-23 16:22:50 -0700
Started GET "/users/new" for ::1 at 2022-09-23 16:27:25 -0700
  [1m[36mActiveRecord::SchemaMigration Pluck (0.2ms)[0m  [1m[34mSELECT "schema_migrations"."version" FROM "schema_migrations" ORDER BY "schema_migrations"."version" ASC[0m
Processing by UsersController#new as HTML
  Rendering layout layouts/application.html.erb
  Rendering users/new.html.erb within layouts/application
  Rendered users/new.html.erb within layouts/application (Duration: 2.7ms | Allocations: 942)
  [1m[36mUser Load (0.1ms)[0m  [1m[34mSELECT "users".* FROM "users" WHERE "users"."session_token" IS NULL LIMIT ?[0m  [["LIMIT", 1]]
  ↳ app/controllers/application_controller.rb:5:in `current_user'
  Rendered layout layouts/application.html.erb (Duration: 515.4ms | Allocations: 95286)
Completed 200 OK in 561ms (Views: 533.9ms | ActiveRecord: 0.3ms | Allocations: 105302)


Started POST "/users" for ::1 at 2022-09-23 16:27:36 -0700
Processing by UsersController#create as TURBO_STREAM
  Parameters: {"authenticity_token"=>"[FILTERED]", "user"=>{"username"=>"hello_2", "password"=>"[FILTERED]"}}
  [1m[36mTRANSACTION (0.0ms)[0m  [1m[36mbegin transaction[0m
  ↳ app/controllers/users_controller.rb:9:in `create'
  [1m[36mUser Exists? (0.1ms)[0m  [1m[34mSELECT 1 AS one FROM "users" WHERE "users"."username" = ? LIMIT ?[0m  [["username", "hello_2"], ["LIMIT", 1]]
  ↳ app/controllers/users_controller.rb:9:in `create'
  [1m[36mUser Exists? (0.0ms)[0m  [1m[34mSELECT 1 AS one FROM "users" WHERE "users"."session_token" = ? LIMIT ?[0m  [["session_token", "[FILTERED]"], ["LIMIT", 1]]
  ↳ app/controllers/users_controller.rb:9:in `create'
  [1m[36mUser Create (0.3ms)[0m  [1m[32mINSERT INTO "users" ("username", "session_token", "password_digest", "created_at", "updated_at") VALUES (?, ?, ?, ?, ?)[0m  [["username", "hello_2"], ["session_token", "[FILTERED]"], ["password_digest", "[FILTERED]"], ["created_at", "2022-09-23 23:27:37.185407"], ["updated_at", "2022-09-23 23:27:37.185407"]]
  ↳ app/controllers/users_controller.rb:9:in `create'
  [1m[36mTRANSACTION (0.5ms)[0m  [1m[36mcommit transaction[0m
  ↳ app/controllers/users_controller.rb:9:in `create'
  [1m[36mTRANSACTION (0.0ms)[0m  [1m[36mbegin transaction[0m
  ↳ app/models/user.rb:47:in `reset_session_token!'
  [1m[36mUser Exists? (0.1ms)[0m  [1m[34mSELECT 1 AS one FROM "users" WHERE "users"."username" = ? AND "users"."id" != ? LIMIT ?[0m  [["username", "hello_2"], ["id", 1], ["LIMIT", 1]]
  ↳ app/models/user.rb:47:in `reset_session_token!'
  [1m[36mUser Exists? (0.0ms)[0m  [1m[34mSELECT 1 AS one FROM "users" WHERE "users"."session_token" = ? AND "users"."id" != ? LIMIT ?[0m  [["session_token", "[FILTERED]"], ["id", 1], ["LIMIT", 1]]
  ↳ app/models/user.rb:47:in `reset_session_token!'
  [1m[36mUser Update (0.2ms)[0m  [1m[33mUPDATE "users" SET "session_token" = ?, "updated_at" = ? WHERE "users"."id" = ?[0m  [["session_token", "[FILTERED]"], ["updated_at", "2022-09-23 23:27:37.188720"], ["id", 1]]
  ↳ app/models/user.rb:47:in `reset_session_token!'
  [1m[36mTRANSACTION (0.3ms)[0m  [1m[36mcommit transaction[0m
  ↳ app/models/user.rb:47:in `reset_session_token!'
Redirected to http://localhost:3000/subs
Completed 302 Found in 253ms (ActiveRecord: 1.6ms | Allocations: 11437)


Started GET "/subs" for ::1 at 2022-09-23 16:27:37 -0700
Processing by SubsController#index as TURBO_STREAM
  Rendering layout layouts/application.html.erb
  Rendering subs/index.html.erb within layouts/application
  [1m[36mSub Load (0.2ms)[0m  [1m[34mSELECT "subs".* FROM "subs"[0m
  ↳ app/views/subs/index.html.erb:2
  Rendered subs/index.html.erb within layouts/application (Duration: 1.0ms | Allocations: 875)
  [1m[36mUser Load (0.1ms)[0m  [1m[34mSELECT "users".* FROM "users" WHERE "users"."session_token" = ? LIMIT ?[0m  [["session_token", "[FILTERED]"], ["LIMIT", 1]]
  ↳ app/controllers/application_controller.rb:5:in `current_user'
  Rendered layout layouts/application.html.erb (Duration: 3.9ms | Allocations: 4434)
Completed 200 OK in 7ms (Views: 4.2ms | ActiveRecord: 0.3ms | Allocations: 6627)


Started DELETE "/session" for ::1 at 2022-09-23 16:27:40 -0700
Processing by SessionsController#destroy as TURBO_STREAM
  Parameters: {"authenticity_token"=>"[FILTERED]"}
  [1m[36mUser Load (0.2ms)[0m  [1m[34mSELECT "users".* FROM "users" WHERE "users"."session_token" = ? LIMIT ?[0m  [["session_token", "[FILTERED]"], ["LIMIT", 1]]
  ↳ app/controllers/application_controller.rb:5:in `current_user'
  [1m[36mTRANSACTION (0.1ms)[0m  [1m[36mbegin transaction[0m
  ↳ app/models/user.rb:47:in `reset_session_token!'
  [1m[36mUser Exists? (0.2ms)[0m  [1m[34mSELECT 1 AS one FROM "users" WHERE "users"."username" = ? AND "users"."id" != ? LIMIT ?[0m  [["username", "hello_2"], ["id", 1], ["LIMIT", 1]]
  ↳ app/models/user.rb:47:in `reset_session_token!'
  [1m[36mUser Exists? (0.1ms)[0m  [1m[34mSELECT 1 AS one FROM "users" WHERE "users"."session_token" = ? AND "users"."id" != ? LIMIT ?[0m  [["session_token", "[FILTERED]"], ["id", 1], ["LIMIT", 1]]
  ↳ app/models/user.rb:47:in `reset_session_token!'
  [1m[36mUser Update (0.8ms)[0m  [1m[33mUPDATE "users" SET "session_token" = ?, "updated_at" = ? WHERE "users"."id" = ?[0m  [["session_token", "[FILTERED]"], ["updated_at", "2022-09-23 23:27:40.083060"], ["id", 1]]
  ↳ app/models/user.rb:47:in `reset_session_token!'
  [1m[36mTRANSACTION (0.6ms)[0m  [1m[36mcommit transaction[0m
  ↳ app/models/user.rb:47:in `reset_session_token!'
Redirected to http://localhost:3000/session/new
Completed 302 Found in 12ms (ActiveRecord: 2.0ms | Allocations: 4830)


Started GET "/session/new" for ::1 at 2022-09-23 16:27:40 -0700
Processing by SessionsController#new as TURBO_STREAM
  Rendering layout layouts/application.html.erb
  Rendering sessions/new.html.erb within layouts/application
  Rendered sessions/new.html.erb within layouts/application (Duration: 0.9ms | Allocations: 541)
  [1m[36mUser Load (0.1ms)[0m  [1m[34mSELECT "users".* FROM "users" WHERE "users"."session_token" IS NULL LIMIT ?[0m  [["LIMIT", 1]]
  ↳ app/controllers/application_controller.rb:5:in `current_user'
  Rendered layout layouts/application.html.erb (Duration: 4.3ms | Allocations: 3728)
Completed 200 OK in 6ms (Views: 5.5ms | ActiveRecord: 0.1ms | Allocations: 4410)


Started POST "/session" for ::1 at 2022-09-23 16:27:50 -0700
Processing by SessionsController#create as TURBO_STREAM
  Parameters: {"authenticity_token"=>"[FILTERED]", "user"=>{"username"=>"hello_2", "password"=>"[FILTERED]"}}
  [1m[36mUser Load (0.3ms)[0m  [1m[34mSELECT "users".* FROM "users" WHERE "users"."username" = ? LIMIT ?[0m  [["username", "hello_2"], ["LIMIT", 1]]
  ↳ app/models/user.rb:27:in `find_by_credentials'
Completed 500 Internal Server Error in 4ms (ActiveRecord: 0.3ms | Allocations: 1915)



BCrypt::Errors::InvalidHash - invalid hash:
  app/models/user.rb:41:in `is_password?'
  app/models/user.rb:28:in `find_by_credentials'
  app/controllers/sessions_controller.rb:11:in `create'

Started POST "/__better_errors/ccc4f6cfccc20f47/variables" for ::1 at 2022-09-23 16:27:50 -0700
Started GET "/subs" for ::1 at 2022-09-23 16:28:30 -0700
Processing by SubsController#index as HTML
  Rendering layout layouts/application.html.erb
  Rendering subs/index.html.erb within layouts/application
  [1m[36mSub Load (0.2ms)[0m  [1m[34mSELECT "subs".* FROM "subs"[0m
  ↳ app/views/subs/index.html.erb:2
  Rendered subs/index.html.erb within layouts/application (Duration: 1.9ms | Allocations: 602)
  [1m[36mUser Load (0.1ms)[0m  [1m[34mSELECT "users".* FROM "users" WHERE "users"."session_token" IS NULL LIMIT ?[0m  [["LIMIT", 1]]
  ↳ app/controllers/application_controller.rb:5:in `current_user'
  Rendered layout layouts/application.html.erb (Duration: 9.7ms | Allocations: 3874)
Completed 200 OK in 12ms (Views: 10.3ms | ActiveRecord: 0.4ms | Allocations: 4207)


Started GET "/subs" for ::1 at 2022-09-23 16:28:30 -0700
Processing by SubsController#index as HTML
  Rendering layout layouts/application.html.erb
  Rendering subs/index.html.erb within layouts/application
  [1m[36mSub Load (0.1ms)[0m  [1m[34mSELECT "subs".* FROM "subs"[0m
  ↳ app/views/subs/index.html.erb:2
  Rendered subs/index.html.erb within layouts/application (Duration: 1.1ms | Allocations: 533)
  [1m[36mUser Load (0.1ms)[0m  [1m[34mSELECT "users".* FROM "users" WHERE "users"."session_token" IS NULL LIMIT ?[0m  [["LIMIT", 1]]
  ↳ app/controllers/application_controller.rb:5:in `current_user'
  Rendered layout layouts/application.html.erb (Duration: 5.7ms | Allocations: 3581)
Completed 200 OK in 7ms (Views: 5.9ms | ActiveRecord: 0.2ms | Allocations: 3834)


Started GET "/users/new" for ::1 at 2022-09-23 16:28:32 -0700
Processing by UsersController#new as HTML
  Rendering layout layouts/application.html.erb
  Rendering users/new.html.erb within layouts/application
  Rendered users/new.html.erb within layouts/application (Duration: 1.2ms | Allocations: 272)
  [1m[36mUser Load (0.2ms)[0m  [1m[34mSELECT "users".* FROM "users" WHERE "users"."session_token" IS NULL LIMIT ?[0m  [["LIMIT", 1]]
  ↳ app/controllers/application_controller.rb:5:in `current_user'
  Rendered layout layouts/application.html.erb (Duration: 8.5ms | Allocations: 3101)
Completed 200 OK in 10ms (Views: 9.2ms | ActiveRecord: 0.2ms | Allocations: 3364)


Started GET "/session/new" for ::1 at 2022-09-23 16:28:37 -0700
Processing by SessionsController#new as HTML
  Rendering layout layouts/application.html.erb
  Rendering sessions/new.html.erb within layouts/application
  Rendered sessions/new.html.erb within layouts/application (Duration: 0.7ms | Allocations: 256)
  [1m[36mUser Load (0.1ms)[0m  [1m[34mSELECT "users".* FROM "users" WHERE "users"."session_token" IS NULL LIMIT ?[0m  [["LIMIT", 1]]
  ↳ app/controllers/application_controller.rb:5:in `current_user'
  Rendered layout layouts/application.html.erb (Duration: 14.1ms | Allocations: 3086)
Completed 200 OK in 15ms (Views: 14.7ms | ActiveRecord: 0.1ms | Allocations: 3346)


Started POST "/session" for ::1 at 2022-09-23 16:28:41 -0700
Processing by SessionsController#create as TURBO_STREAM
  Parameters: {"authenticity_token"=>"[FILTERED]", "user"=>{"username"=>"hello_2", "password"=>"[FILTERED]"}}
  [1m[36mUser Load (0.1ms)[0m  [1m[34mSELECT "users".* FROM "users" WHERE "users"."username" = ? LIMIT ?[0m  [["username", "hello_2"], ["LIMIT", 1]]
  ↳ app/models/user.rb:27:in `find_by_credentials'
Completed 500 Internal Server Error in 3ms (ActiveRecord: 0.1ms | Allocations: 1688)



BCrypt::Errors::InvalidHash - invalid hash:
  app/models/user.rb:41:in `is_password?'
  app/models/user.rb:28:in `find_by_credentials'
  app/controllers/sessions_controller.rb:11:in `create'

Started POST "/__better_errors/abb2ce747dca8aac/variables" for ::1 at 2022-09-23 16:28:41 -0700
Started GET "/session/new" for ::1 at 2022-09-23 16:29:25 -0700
Processing by SessionsController#new as HTML
  Rendering layout layouts/application.html.erb
  Rendering sessions/new.html.erb within layouts/application
  Rendered sessions/new.html.erb within layouts/application (Duration: 0.4ms | Allocations: 370)
  [1m[36mUser Load (0.1ms)[0m  [1m[34mSELECT "users".* FROM "users" WHERE "users"."session_token" IS NULL LIMIT ?[0m  [["LIMIT", 1]]
  ↳ app/controllers/application_controller.rb:5:in `current_user'
  Rendered layout layouts/application.html.erb (Duration: 8.5ms | Allocations: 15447)
Completed 200 OK in 12ms (Views: 8.9ms | ActiveRecord: 0.5ms | Allocations: 19568)


Started POST "/session" for ::1 at 2022-09-23 16:29:29 -0700
Processing by SessionsController#create as TURBO_STREAM
  Parameters: {"authenticity_token"=>"[FILTERED]", "user"=>{"username"=>"", "password"=>"[FILTERED]"}}
  [1m[36mUser Load (0.4ms)[0m  [1m[34mSELECT "users".* FROM "users" WHERE "users"."username" = ? LIMIT ?[0m  [["username", ""], ["LIMIT", 1]]
  ↳ app/models/user.rb:27:in `find_by_credentials'
  Rendering layout layouts/application.html.erb
  Rendering sessions/new.html.erb within layouts/application
  Rendered sessions/new.html.erb within layouts/application (Duration: 8.0ms | Allocations: 4755)
  Rendered layout layouts/application.html.erb (Duration: 8.3ms | Allocations: 4847)
Completed 500 Internal Server Error in 15ms (ActiveRecord: 0.4ms | Allocations: 6074)



NoMethodError - undefined method `username' for nil:NilClass:
  app/views/sessions/new.html.erb:5
  app/controllers/sessions_controller.rb:17:in `create'

Started POST "/__better_errors/2b667225708ed266/variables" for ::1 at 2022-09-23 16:29:29 -0700
Started GET "/session/new" for ::1 at 2022-09-23 16:30:21 -0700
Processing by SessionsController#new as HTML
  Rendering layout layouts/application.html.erb
  Rendering sessions/new.html.erb within layouts/application
  Rendered sessions/new.html.erb within layouts/application (Duration: 1.6ms | Allocations: 321)
  [1m[36mUser Load (0.2ms)[0m  [1m[34mSELECT "users".* FROM "users" WHERE "users"."session_token" IS NULL LIMIT ?[0m  [["LIMIT", 1]]
  ↳ app/controllers/application_controller.rb:5:in `current_user'
  Rendered layout layouts/application.html.erb (Duration: 9.5ms | Allocations: 3386)
Completed 200 OK in 12ms (Views: 10.1ms | ActiveRecord: 0.2ms | Allocations: 3712)


Started POST "/session" for ::1 at 2022-09-23 16:30:30 -0700
Processing by SessionsController#create as TURBO_STREAM
  Parameters: {"authenticity_token"=>"[FILTERED]", "user"=>{"username"=>"hello_2", "password"=>"[FILTERED]"}}
  [1m[36mUser Load (0.3ms)[0m  [1m[34mSELECT "users".* FROM "users" WHERE "users"."username" = ? LIMIT ?[0m  [["username", "hello_2"], ["LIMIT", 1]]
  ↳ app/models/user.rb:27:in `find_by_credentials'
  [1m[36mTRANSACTION (0.1ms)[0m  [1m[36mbegin transaction[0m
  ↳ app/models/user.rb:47:in `reset_session_token!'
  [1m[36mUser Exists? (0.1ms)[0m  [1m[34mSELECT 1 AS one FROM "users" WHERE "users"."username" = ? AND "users"."id" != ? LIMIT ?[0m  [["username", "hello_2"], ["id", 1], ["LIMIT", 1]]
  ↳ app/models/user.rb:47:in `reset_session_token!'
  [1m[36mUser Exists? (0.1ms)[0m  [1m[34mSELECT 1 AS one FROM "users" WHERE "users"."session_token" = ? AND "users"."id" != ? LIMIT ?[0m  [["session_token", "[FILTERED]"], ["id", 1], ["LIMIT", 1]]
  ↳ app/models/user.rb:47:in `reset_session_token!'
  [1m[36mUser Update (0.2ms)[0m  [1m[33mUPDATE "users" SET "session_token" = ?, "updated_at" = ? WHERE "users"."id" = ?[0m  [["session_token", "[FILTERED]"], ["updated_at", "2022-09-23 23:30:30.292674"], ["id", 1]]
  ↳ app/models/user.rb:47:in `reset_session_token!'
  [1m[36mTRANSACTION (0.8ms)[0m  [1m[36mcommit transaction[0m
  ↳ app/models/user.rb:47:in `reset_session_token!'
Redirected to http://localhost:3000/subs
Completed 302 Found in 263ms (ActiveRecord: 1.5ms | Allocations: 4799)


Started GET "/subs" for ::1 at 2022-09-23 16:30:30 -0700
Processing by SubsController#index as TURBO_STREAM
  Rendering layout layouts/application.html.erb
  Rendering subs/index.html.erb within layouts/application
  [1m[36mSub Load (0.1ms)[0m  [1m[34mSELECT "subs".* FROM "subs"[0m
  ↳ app/views/subs/index.html.erb:2
  Rendered subs/index.html.erb within layouts/application (Duration: 0.5ms | Allocations: 705)
  [1m[36mUser Load (0.1ms)[0m  [1m[34mSELECT "users".* FROM "users" WHERE "users"."session_token" = ? LIMIT ?[0m  [["session_token", "[FILTERED]"], ["LIMIT", 1]]
  ↳ app/controllers/application_controller.rb:5:in `current_user'
  Rendered layout layouts/application.html.erb (Duration: 6.3ms | Allocations: 4211)
Completed 200 OK in 8ms (Views: 6.6ms | ActiveRecord: 0.1ms | Allocations: 5952)


Started DELETE "/session" for ::1 at 2022-09-23 16:30:33 -0700
Processing by SessionsController#destroy as TURBO_STREAM
  Parameters: {"authenticity_token"=>"[FILTERED]"}
  [1m[36mUser Load (0.2ms)[0m  [1m[34mSELECT "users".* FROM "users" WHERE "users"."session_token" = ? LIMIT ?[0m  [["session_token", "[FILTERED]"], ["LIMIT", 1]]
  ↳ app/controllers/application_controller.rb:5:in `current_user'
  [1m[36mTRANSACTION (0.1ms)[0m  [1m[36mbegin transaction[0m
  ↳ app/models/user.rb:47:in `reset_session_token!'
  [1m[36mUser Exists? (0.3ms)[0m  [1m[34mSELECT 1 AS one FROM "users" WHERE "users"."username" = ? AND "users"."id" != ? LIMIT ?[0m  [["username", "hello_2"], ["id", 1], ["LIMIT", 1]]
  ↳ app/models/user.rb:47:in `reset_session_token!'
  [1m[36mUser Exists? (0.1ms)[0m  [1m[34mSELECT 1 AS one FROM "users" WHERE "users"."session_token" = ? AND "users"."id" != ? LIMIT ?[0m  [["session_token", "[FILTERED]"], ["id", 1], ["LIMIT", 1]]
  ↳ app/models/user.rb:47:in `reset_session_token!'
  [1m[36mUser Update (0.7ms)[0m  [1m[33mUPDATE "users" SET "session_token" = ?, "updated_at" = ? WHERE "users"."id" = ?[0m  [["session_token", "[FILTERED]"], ["updated_at", "2022-09-23 23:30:33.286561"], ["id", 1]]
  ↳ app/models/user.rb:47:in `reset_session_token!'
  [1m[36mTRANSACTION (0.9ms)[0m  [1m[36mcommit transaction[0m
  ↳ app/models/user.rb:47:in `reset_session_token!'
Redirected to http://localhost:3000/session/new
Completed 302 Found in 14ms (ActiveRecord: 2.3ms | Allocations: 4437)


Started GET "/session/new" for ::1 at 2022-09-23 16:30:33 -0700
Processing by SessionsController#new as TURBO_STREAM
  Rendering layout layouts/application.html.erb
  Rendering sessions/new.html.erb within layouts/application
  Rendered sessions/new.html.erb within layouts/application (Duration: 0.6ms | Allocations: 268)
  [1m[36mUser Load (0.1ms)[0m  [1m[34mSELECT "users".* FROM "users" WHERE "users"."session_token" IS NULL LIMIT ?[0m  [["LIMIT", 1]]
  ↳ app/controllers/application_controller.rb:5:in `current_user'
  Rendered layout layouts/application.html.erb (Duration: 5.0ms | Allocations: 3097)
Completed 200 OK in 6ms (Views: 5.4ms | ActiveRecord: 0.1ms | Allocations: 3381)


  [1m[36mUser Load (0.1ms)[0m  [1m[34mSELECT "users".* FROM "users"[0m
Started POST "/session" for ::1 at 2022-09-23 16:31:29 -0700
Processing by SessionsController#create as TURBO_STREAM
  Parameters: {"authenticity_token"=>"[FILTERED]", "user"=>{"username"=>"", "password"=>"[FILTERED]"}}
  [1m[36mUser Load (0.0ms)[0m  [1m[34mSELECT "users".* FROM "users" WHERE "users"."username" = ? LIMIT ?[0m  [["username", ""], ["LIMIT", 1]]
  ↳ app/models/user.rb:27:in `find_by_credentials'
  Rendering layout layouts/application.html.erb
  Rendering sessions/new.html.erb within layouts/application
  Rendered sessions/new.html.erb within layouts/application (Duration: 1.1ms | Allocations: 3862)
  Rendered layout layouts/application.html.erb (Duration: 1.2ms | Allocations: 3951)
Completed 500 Internal Server Error in 5ms (ActiveRecord: 0.3ms | Allocations: 7698)



NoMethodError - undefined method `username' for nil:NilClass:
  app/views/sessions/new.html.erb:5
  app/controllers/sessions_controller.rb:18:in `create'

Started POST "/__better_errors/8aa0df87f73465f7/variables" for ::1 at 2022-09-23 16:31:29 -0700
Started GET "/subs" for ::1 at 2022-09-23 16:32:22 -0700
Processing by SubsController#index as HTML
  Rendering layout layouts/application.html.erb
  Rendering subs/index.html.erb within layouts/application
  [1m[36mSub Load (0.0ms)[0m  [1m[34mSELECT "subs".* FROM "subs"[0m
  ↳ app/views/subs/index.html.erb:2
  Rendered subs/index.html.erb within layouts/application (Duration: 0.8ms | Allocations: 853)
  [1m[36mUser Load (0.0ms)[0m  [1m[34mSELECT "users".* FROM "users" WHERE "users"."session_token" IS NULL LIMIT ?[0m  [["LIMIT", 1]]
  ↳ app/controllers/application_controller.rb:5:in `current_user'
  Rendered layout layouts/application.html.erb (Duration: 18.7ms | Allocations: 17689)
Completed 200 OK in 21ms (Views: 19.2ms | ActiveRecord: 0.4ms | Allocations: 19650)


Started GET "/subs" for ::1 at 2022-09-23 16:32:22 -0700
Processing by SubsController#index as HTML
  Rendering layout layouts/application.html.erb
  Rendering subs/index.html.erb within layouts/application
  [1m[36mSub Load (0.0ms)[0m  [1m[34mSELECT "subs".* FROM "subs"[0m
  ↳ app/views/subs/index.html.erb:2
  Rendered subs/index.html.erb within layouts/application (Duration: 0.3ms | Allocations: 538)
  [1m[36mUser Load (0.0ms)[0m  [1m[34mSELECT "users".* FROM "users" WHERE "users"."session_token" IS NULL LIMIT ?[0m  [["LIMIT", 1]]
  ↳ app/controllers/application_controller.rb:5:in `current_user'
  Rendered layout layouts/application.html.erb (Duration: 1.9ms | Allocations: 3752)
Completed 200 OK in 2ms (Views: 2.0ms | ActiveRecord: 0.0ms | Allocations: 4052)


Started GET "/session/new" for ::1 at 2022-09-23 16:32:23 -0700
Processing by SessionsController#new as HTML
  Rendering layout layouts/application.html.erb
  Rendering sessions/new.html.erb within layouts/application
  Rendered sessions/new.html.erb within layouts/application (Duration: 0.8ms | Allocations: 385)
  [1m[36mUser Load (0.1ms)[0m  [1m[34mSELECT "users".* FROM "users" WHERE "users"."session_token" IS NULL LIMIT ?[0m  [["LIMIT", 1]]
  ↳ app/controllers/application_controller.rb:5:in `current_user'
  Rendered layout layouts/application.html.erb (Duration: 5.8ms | Allocations: 3569)
Completed 200 OK in 13ms (Views: 7.1ms | ActiveRecord: 0.8ms | Allocations: 5750)


Started POST "/session" for ::1 at 2022-09-23 16:32:53 -0700
Processing by SessionsController#create as TURBO_STREAM
  Parameters: {"authenticity_token"=>"[FILTERED]", "user"=>{"username"=>"", "password"=>"[FILTERED]"}}
  [1m[36mUser Load (0.0ms)[0m  [1m[34mSELECT "users".* FROM "users" WHERE "users"."username" = ? LIMIT ?[0m  [["username", ""], ["LIMIT", 1]]
  ↳ app/models/user.rb:27:in `find_by_credentials'
Completed 500 Internal Server Error in 3ms (ActiveRecord: 0.3ms | Allocations: 3615)



ArgumentError - wrong number of arguments (given 2, expected 0..1):
  app/controllers/sessions_controller.rb:16:in `create'

Started POST "/__better_errors/99280767971b911f/variables" for ::1 at 2022-09-23 16:32:53 -0700
Started POST "/users" for ::1 at 2022-09-23 16:33:54 -0700
Processing by UsersController#create as TURBO_STREAM
  Parameters: {"authenticity_token"=>"[FILTERED]", "user"=>{"username"=>"", "password"=>"[FILTERED]"}}
  [1m[36mTRANSACTION (0.0ms)[0m  [1m[36mbegin transaction[0m
  ↳ app/controllers/users_controller.rb:9:in `create'
  [1m[36mUser Exists? (0.1ms)[0m  [1m[34mSELECT 1 AS one FROM "users" WHERE "users"."username" = ? LIMIT ?[0m  [["username", ""], ["LIMIT", 1]]
  ↳ app/controllers/users_controller.rb:9:in `create'
  [1m[36mUser Exists? (0.0ms)[0m  [1m[34mSELECT 1 AS one FROM "users" WHERE "users"."session_token" = ? LIMIT ?[0m  [["session_token", "[FILTERED]"], ["LIMIT", 1]]
  ↳ app/controllers/users_controller.rb:9:in `create'
  [1m[36mTRANSACTION (0.0ms)[0m  [1m[31mrollback transaction[0m
  ↳ app/controllers/users_controller.rb:9:in `create'
  Rendering layout layouts/application.html.erb
  Rendering users/new.html.erb within layouts/application
  Rendered users/new.html.erb within layouts/application (Duration: 0.1ms | Allocations: 104)
  [1m[36mUser Load (0.1ms)[0m  [1m[34mSELECT "users".* FROM "users" WHERE "users"."session_token" IS NULL LIMIT ?[0m  [["LIMIT", 1]]
  ↳ app/controllers/application_controller.rb:5:in `current_user'
  Rendered layout layouts/application.html.erb (Duration: 7.9ms | Allocations: 15080)
Completed 200 OK in 242ms (Views: 8.3ms | ActiveRecord: 0.5ms | Allocations: 26011)


Started POST "/users" for ::1 at 2022-09-23 16:33:56 -0700
Processing by UsersController#create as TURBO_STREAM
  Parameters: {"authenticity_token"=>"[FILTERED]", "user"=>{"username"=>"", "password"=>"[FILTERED]"}}
  [1m[36mTRANSACTION (0.0ms)[0m  [1m[36mbegin transaction[0m
  ↳ app/controllers/users_controller.rb:9:in `create'
  [1m[36mUser Exists? (0.1ms)[0m  [1m[34mSELECT 1 AS one FROM "users" WHERE "users"."username" = ? LIMIT ?[0m  [["username", ""], ["LIMIT", 1]]
  ↳ app/controllers/users_controller.rb:9:in `create'
  [1m[36mUser Exists? (0.0ms)[0m  [1m[34mSELECT 1 AS one FROM "users" WHERE "users"."session_token" = ? LIMIT ?[0m  [["session_token", "[FILTERED]"], ["LIMIT", 1]]
  ↳ app/controllers/users_controller.rb:9:in `create'
  [1m[36mTRANSACTION (0.0ms)[0m  [1m[31mrollback transaction[0m
  ↳ app/controllers/users_controller.rb:9:in `create'
  Rendering layout layouts/application.html.erb
  Rendering users/new.html.erb within layouts/application
  Rendered users/new.html.erb within layouts/application (Duration: 0.1ms | Allocations: 57)
  [1m[36mUser Load (0.0ms)[0m  [1m[34mSELECT "users".* FROM "users" WHERE "users"."session_token" IS NULL LIMIT ?[0m  [["LIMIT", 1]]
  ↳ app/controllers/application_controller.rb:5:in `current_user'
  Rendered layout layouts/application.html.erb (Duration: 1.6ms | Allocations: 2870)
Completed 200 OK in 258ms (Views: 1.8ms | ActiveRecord: 0.2ms | Allocations: 7623)


Started POST "/users" for ::1 at 2022-09-23 16:33:57 -0700
Processing by UsersController#create as TURBO_STREAM
  Parameters: {"authenticity_token"=>"[FILTERED]", "user"=>{"username"=>"", "password"=>"[FILTERED]"}}
  [1m[36mTRANSACTION (0.1ms)[0m  [1m[36mbegin transaction[0m
  ↳ app/controllers/users_controller.rb:9:in `create'
  [1m[36mUser Exists? (0.1ms)[0m  [1m[34mSELECT 1 AS one FROM "users" WHERE "users"."username" = ? LIMIT ?[0m  [["username", ""], ["LIMIT", 1]]
  ↳ app/controllers/users_controller.rb:9:in `create'
  [1m[36mUser Exists? (0.0ms)[0m  [1m[34mSELECT 1 AS one FROM "users" WHERE "users"."session_token" = ? LIMIT ?[0m  [["session_token", "[FILTERED]"], ["LIMIT", 1]]
  ↳ app/controllers/users_controller.rb:9:in `create'
  [1m[36mTRANSACTION (0.0ms)[0m  [1m[31mrollback transaction[0m
  ↳ app/controllers/users_controller.rb:9:in `create'
  Rendering layout layouts/application.html.erb
  Rendering users/new.html.erb within layouts/application
  Rendered users/new.html.erb within layouts/application (Duration: 0.1ms | Allocations: 57)
  [1m[36mUser Load (0.0ms)[0m  [1m[34mSELECT "users".* FROM "users" WHERE "users"."session_token" IS NULL LIMIT ?[0m  [["LIMIT", 1]]
  ↳ app/controllers/application_controller.rb:5:in `current_user'
  Rendered layout layouts/application.html.erb (Duration: 1.8ms | Allocations: 2870)
Completed 200 OK in 259ms (Views: 2.0ms | ActiveRecord: 0.3ms | Allocations: 7440)


Started POST "/users" for ::1 at 2022-09-23 16:34:32 -0700
Processing by UsersController#create as TURBO_STREAM
  Parameters: {"authenticity_token"=>"[FILTERED]", "user"=>{"username"=>"", "password"=>"[FILTERED]"}}
  [1m[36mTRANSACTION (0.0ms)[0m  [1m[36mbegin transaction[0m
  ↳ app/controllers/users_controller.rb:9:in `create'
  [1m[36mUser Exists? (0.1ms)[0m  [1m[34mSELECT 1 AS one FROM "users" WHERE "users"."username" = ? LIMIT ?[0m  [["username", ""], ["LIMIT", 1]]
  ↳ app/controllers/users_controller.rb:9:in `create'
  [1m[36mUser Exists? (0.0ms)[0m  [1m[34mSELECT 1 AS one FROM "users" WHERE "users"."session_token" = ? LIMIT ?[0m  [["session_token", "[FILTERED]"], ["LIMIT", 1]]
  ↳ app/controllers/users_controller.rb:9:in `create'
  [1m[36mTRANSACTION (0.0ms)[0m  [1m[31mrollback transaction[0m
  ↳ app/controllers/users_controller.rb:9:in `create'
  Rendering layout layouts/application.html.erb
  Rendering users/new.html.erb within layouts/application
  Rendered users/new.html.erb within layouts/application (Duration: 0.1ms | Allocations: 104)
  [1m[36mUser Load (0.0ms)[0m  [1m[34mSELECT "users".* FROM "users" WHERE "users"."session_token" IS NULL LIMIT ?[0m  [["LIMIT", 1]]
  ↳ app/controllers/application_controller.rb:5:in `current_user'
  Rendered layout layouts/application.html.erb (Duration: 9.5ms | Allocations: 15030)
Completed 200 OK in 238ms (Views: 9.9ms | ActiveRecord: 0.5ms | Allocations: 23780)


Started POST "/users" for ::1 at 2022-09-23 16:34:42 -0700
Processing by UsersController#create as TURBO_STREAM
  Parameters: {"authenticity_token"=>"[FILTERED]", "user"=>{"username"=>"", "password"=>"[FILTERED]"}}
  [1m[36mTRANSACTION (0.0ms)[0m  [1m[36mbegin transaction[0m
  ↳ app/controllers/users_controller.rb:9:in `create'
  [1m[36mUser Exists? (0.1ms)[0m  [1m[34mSELECT 1 AS one FROM "users" WHERE "users"."username" = ? LIMIT ?[0m  [["username", ""], ["LIMIT", 1]]
  ↳ app/controllers/users_controller.rb:9:in `create'
  [1m[36mUser Exists? (0.0ms)[0m  [1m[34mSELECT 1 AS one FROM "users" WHERE "users"."session_token" = ? LIMIT ?[0m  [["session_token", "[FILTERED]"], ["LIMIT", 1]]
  ↳ app/controllers/users_controller.rb:9:in `create'
  [1m[36mTRANSACTION (0.0ms)[0m  [1m[31mrollback transaction[0m
  ↳ app/controllers/users_controller.rb:9:in `create'
  Rendering layout layouts/application.html.erb
  Rendering users/new.html.erb within layouts/application
  Rendered users/new.html.erb within layouts/application (Duration: 0.2ms | Allocations: 57)
  [1m[36mUser Load (0.0ms)[0m  [1m[34mSELECT "users".* FROM "users" WHERE "users"."session_token" IS NULL LIMIT ?[0m  [["LIMIT", 1]]
  ↳ app/controllers/application_controller.rb:5:in `current_user'
  Rendered layout layouts/application.html.erb (Duration: 4.4ms | Allocations: 2874)
Completed 200 OK in 261ms (Views: 4.7ms | ActiveRecord: 0.3ms | Allocations: 7623)


Started POST "/users" for ::1 at 2022-09-23 16:34:57 -0700
Processing by UsersController#create as TURBO_STREAM
  Parameters: {"authenticity_token"=>"[FILTERED]", "user"=>{"username"=>"", "password"=>"[FILTERED]"}}
  [1m[36mTRANSACTION (0.0ms)[0m  [1m[36mbegin transaction[0m
  ↳ app/controllers/users_controller.rb:9:in `create'
  [1m[36mUser Exists? (0.1ms)[0m  [1m[34mSELECT 1 AS one FROM "users" WHERE "users"."username" = ? LIMIT ?[0m  [["username", ""], ["LIMIT", 1]]
  ↳ app/controllers/users_controller.rb:9:in `create'
  [1m[36mUser Exists? (0.0ms)[0m  [1m[34mSELECT 1 AS one FROM "users" WHERE "users"."session_token" = ? LIMIT ?[0m  [["session_token", "[FILTERED]"], ["LIMIT", 1]]
  ↳ app/controllers/users_controller.rb:9:in `create'
  [1m[36mTRANSACTION (0.0ms)[0m  [1m[31mrollback transaction[0m
  ↳ app/controllers/users_controller.rb:9:in `create'
  Rendering layout layouts/application.html.erb
  Rendering users/new.html.erb within layouts/application
  Rendered users/new.html.erb within layouts/application (Duration: 0.2ms | Allocations: 104)
  [1m[36mUser Load (0.1ms)[0m  [1m[34mSELECT "users".* FROM "users" WHERE "users"."session_token" IS NULL LIMIT ?[0m  [["LIMIT", 1]]
  ↳ app/controllers/application_controller.rb:5:in `current_user'
  Rendered layout layouts/application.html.erb (Duration: 11.0ms | Allocations: 15048)
Completed 200 OK in 244ms (Views: 11.5ms | ActiveRecord: 0.6ms | Allocations: 23901)


Started POST "/users" for ::1 at 2022-09-23 16:35:54 -0700
Processing by UsersController#create as TURBO_STREAM
  Parameters: {"authenticity_token"=>"[FILTERED]", "user"=>{"username"=>"", "password"=>"[FILTERED]"}}
  [1m[36mTRANSACTION (0.1ms)[0m  [1m[36mbegin transaction[0m
  ↳ app/controllers/users_controller.rb:9:in `create'
  [1m[36mUser Exists? (0.2ms)[0m  [1m[34mSELECT 1 AS one FROM "users" WHERE "users"."username" = ? LIMIT ?[0m  [["username", ""], ["LIMIT", 1]]
  ↳ app/controllers/users_controller.rb:9:in `create'
  [1m[36mUser Exists? (0.0ms)[0m  [1m[34mSELECT 1 AS one FROM "users" WHERE "users"."session_token" = ? LIMIT ?[0m  [["session_token", "[FILTERED]"], ["LIMIT", 1]]
  ↳ app/controllers/users_controller.rb:9:in `create'
  [1m[36mTRANSACTION (0.0ms)[0m  [1m[31mrollback transaction[0m
  ↳ app/controllers/users_controller.rb:9:in `create'
  Rendering layout layouts/application.html.erb
  Rendering users/new.html.erb within layouts/application
  Rendered users/new.html.erb within layouts/application (Duration: 1.2ms | Allocations: 257)
  [1m[36mUser Load (0.0ms)[0m  [1m[34mSELECT "users".* FROM "users" WHERE "users"."session_token" IS NULL LIMIT ?[0m  [["LIMIT", 1]]
  ↳ app/controllers/application_controller.rb:5:in `current_user'
  Rendered layout layouts/application.html.erb (Duration: 5.3ms | Allocations: 3667)
Completed 200 OK in 262ms (Views: 6.9ms | ActiveRecord: 0.3ms | Allocations: 8967)


Started POST "/users" for ::1 at 2022-09-23 16:35:55 -0700
Processing by UsersController#create as TURBO_STREAM
  Parameters: {"authenticity_token"=>"[FILTERED]", "user"=>{"username"=>"", "password"=>"[FILTERED]"}}
  [1m[36mTRANSACTION (0.0ms)[0m  [1m[36mbegin transaction[0m
  ↳ app/controllers/users_controller.rb:9:in `create'
  [1m[36mUser Exists? (0.1ms)[0m  [1m[34mSELECT 1 AS one FROM "users" WHERE "users"."username" = ? LIMIT ?[0m  [["username", ""], ["LIMIT", 1]]
  ↳ app/controllers/users_controller.rb:9:in `create'
  [1m[36mUser Exists? (0.0ms)[0m  [1m[34mSELECT 1 AS one FROM "users" WHERE "users"."session_token" = ? LIMIT ?[0m  [["session_token", "[FILTERED]"], ["LIMIT", 1]]
  ↳ app/controllers/users_controller.rb:9:in `create'
  [1m[36mTRANSACTION (0.0ms)[0m  [1m[31mrollback transaction[0m
  ↳ app/controllers/users_controller.rb:9:in `create'
  Rendering layout layouts/application.html.erb
  Rendering users/new.html.erb within layouts/application
  Rendered users/new.html.erb within layouts/application (Duration: 0.2ms | Allocations: 57)
  [1m[36mUser Load (0.0ms)[0m  [1m[34mSELECT "users".* FROM "users" WHERE "users"."session_token" IS NULL LIMIT ?[0m  [["LIMIT", 1]]
  ↳ app/controllers/application_controller.rb:5:in `current_user'
  Rendered layout layouts/application.html.erb (Duration: 2.2ms | Allocations: 2870)
Completed 200 OK in 264ms (Views: 2.3ms | ActiveRecord: 0.2ms | Allocations: 7617)


Started POST "/users" for ::1 at 2022-09-23 16:36:15 -0700
Processing by UsersController#create as TURBO_STREAM
  Parameters: {"authenticity_token"=>"[FILTERED]", "user"=>{"username"=>"", "password"=>"[FILTERED]"}}
  [1m[36mTRANSACTION (0.0ms)[0m  [1m[36mbegin transaction[0m
  ↳ app/controllers/users_controller.rb:9:in `create'
  [1m[36mUser Exists? (0.1ms)[0m  [1m[34mSELECT 1 AS one FROM "users" WHERE "users"."username" = ? LIMIT ?[0m  [["username", ""], ["LIMIT", 1]]
  ↳ app/controllers/users_controller.rb:9:in `create'
  [1m[36mUser Exists? (0.0ms)[0m  [1m[34mSELECT 1 AS one FROM "users" WHERE "users"."session_token" = ? LIMIT ?[0m  [["session_token", "[FILTERED]"], ["LIMIT", 1]]
  ↳ app/controllers/users_controller.rb:9:in `create'
  [1m[36mTRANSACTION (0.0ms)[0m  [1m[31mrollback transaction[0m
  ↳ app/controllers/users_controller.rb:9:in `create'
  Rendering layout layouts/application.html.erb
  Rendering users/new.html.erb within layouts/application
  Rendered users/new.html.erb within layouts/application (Duration: 0.2ms | Allocations: 104)
  [1m[36mUser Load (0.1ms)[0m  [1m[34mSELECT "users".* FROM "users" WHERE "users"."session_token" IS NULL LIMIT ?[0m  [["LIMIT", 1]]
  ↳ app/controllers/application_controller.rb:5:in `current_user'
  Rendered layout layouts/application.html.erb (Duration: 9.6ms | Allocations: 15104)
Completed 200 OK in 240ms (Views: 10.0ms | ActiveRecord: 0.6ms | Allocations: 23864)


Started GET "/session/new" for ::1 at 2022-09-23 16:36:27 -0700
Processing by SessionsController#new as HTML
  Rendering layout layouts/application.html.erb
  Rendering sessions/new.html.erb within layouts/application
  Rendered sessions/new.html.erb within layouts/application (Duration: 1.9ms | Allocations: 540)
  [1m[36mUser Load (0.1ms)[0m  [1m[34mSELECT "users".* FROM "users" WHERE "users"."session_token" IS NULL LIMIT ?[0m  [["LIMIT", 1]]
  ↳ app/controllers/application_controller.rb:5:in `current_user'
  Rendered layout layouts/application.html.erb (Duration: 6.9ms | Allocations: 3733)
Completed 200 OK in 9ms (Views: 8.5ms | ActiveRecord: 0.1ms | Allocations: 4526)


Started POST "/session" for ::1 at 2022-09-23 16:36:30 -0700
Processing by SessionsController#create as TURBO_STREAM
  Parameters: {"authenticity_token"=>"[FILTERED]", "user"=>{"username"=>"", "password"=>"[FILTERED]"}}
  [1m[36mUser Load (0.3ms)[0m  [1m[34mSELECT "users".* FROM "users" WHERE "users"."username" = ? LIMIT ?[0m  [["username", ""], ["LIMIT", 1]]
  ↳ app/models/user.rb:27:in `find_by_credentials'
  Rendering layout layouts/application.html.erb
  Rendering sessions/new.html.erb within layouts/application
  Rendered sessions/new.html.erb within layouts/application (Duration: 0.2ms | Allocations: 60)
  [1m[36mUser Load (0.1ms)[0m  [1m[34mSELECT "users".* FROM "users" WHERE "users"."session_token" IS NULL LIMIT ?[0m  [["LIMIT", 1]]
  ↳ app/controllers/application_controller.rb:5:in `current_user'
  Rendered layout layouts/application.html.erb (Duration: 2.7ms | Allocations: 2875)
Completed 200 OK in 260ms (Views: 3.0ms | ActiveRecord: 0.4ms | Allocations: 4165)


Started POST "/session" for ::1 at 2022-09-23 16:36:31 -0700
Processing by SessionsController#create as TURBO_STREAM
  Parameters: {"authenticity_token"=>"[FILTERED]", "user"=>{"username"=>"", "password"=>"[FILTERED]"}}
  [1m[36mUser Load (0.2ms)[0m  [1m[34mSELECT "users".* FROM "users" WHERE "users"."username" = ? LIMIT ?[0m  [["username", ""], ["LIMIT", 1]]
  ↳ app/models/user.rb:27:in `find_by_credentials'
  Rendering layout layouts/application.html.erb
  Rendering sessions/new.html.erb within layouts/application
  Rendered sessions/new.html.erb within layouts/application (Duration: 0.2ms | Allocations: 58)
  [1m[36mUser Load (0.1ms)[0m  [1m[34mSELECT "users".* FROM "users" WHERE "users"."session_token" IS NULL LIMIT ?[0m  [["LIMIT", 1]]
  ↳ app/controllers/application_controller.rb:5:in `current_user'
  Rendered layout layouts/application.html.erb (Duration: 2.4ms | Allocations: 2871)
Completed 200 OK in 257ms (Views: 2.7ms | ActiveRecord: 0.3ms | Allocations: 3910)


Started POST "/session" for ::1 at 2022-09-23 16:36:38 -0700
Processing by SessionsController#create as TURBO_STREAM
  Parameters: {"authenticity_token"=>"[FILTERED]", "user"=>{"username"=>"", "password"=>"[FILTERED]"}}
  [1m[36mUser Load (0.0ms)[0m  [1m[34mSELECT "users".* FROM "users" WHERE "users"."username" = ? LIMIT ?[0m  [["username", ""], ["LIMIT", 1]]
  ↳ app/models/user.rb:27:in `find_by_credentials'
Completed 500 Internal Server Error in 27967ms (ActiveRecord: 0.3ms | Allocations: 90191)



SystemExit - exit:
  (byebug):1:in `params'
  app/controllers/sessions_controller.rb:17:in `create'

Started POST "/__better_errors/68a2ec59db912f91/variables" for ::1 at 2022-09-23 16:37:07 -0700
Started GET "/session/new" for ::1 at 2022-09-23 16:37:15 -0700
  [1m[36mActiveRecord::SchemaMigration Pluck (0.0ms)[0m  [1m[34mSELECT "schema_migrations"."version" FROM "schema_migrations" ORDER BY "schema_migrations"."version" ASC[0m
Processing by SessionsController#new as HTML
  Rendering layout layouts/application.html.erb
  Rendering sessions/new.html.erb within layouts/application
  Rendered sessions/new.html.erb within layouts/application (Duration: 4.8ms | Allocations: 977)
  [1m[36mUser Load (0.1ms)[0m  [1m[34mSELECT "users".* FROM "users" WHERE "users"."session_token" IS NULL LIMIT ?[0m  [["LIMIT", 1]]
  ↳ app/controllers/application_controller.rb:5:in `current_user'
  Rendered layout layouts/application.html.erb (Duration: 33.7ms | Allocations: 39370)
Completed 200 OK in 67ms (Views: 48.4ms | ActiveRecord: 0.3ms | Allocations: 48533)


Started POST "/session" for ::1 at 2022-09-23 16:37:19 -0700
Processing by SessionsController#create as TURBO_STREAM
  Parameters: {"authenticity_token"=>"[FILTERED]", "user"=>{"username"=>"", "password"=>"[FILTERED]"}}
  [1m[36mUser Load (0.4ms)[0m  [1m[34mSELECT "users".* FROM "users" WHERE "users"."username" = ? LIMIT ?[0m  [["username", ""], ["LIMIT", 1]]
  ↳ app/models/user.rb:27:in `find_by_credentials'
Completed 500 Internal Server Error in 122137ms (ActiveRecord: 0.4ms | Allocations: 79855)



SystemExit - exit:
  (byebug):1:in `create'
  app/controllers/sessions_controller.rb:19:in `create'

Started POST "/__better_errors/2b61ba21a155109b/variables" for ::1 at 2022-09-23 16:39:21 -0700
Started GET "/session/new" for ::1 at 2022-09-23 16:40:01 -0700
  [1m[36mActiveRecord::SchemaMigration Pluck (0.2ms)[0m  [1m[34mSELECT "schema_migrations"."version" FROM "schema_migrations" ORDER BY "schema_migrations"."version" ASC[0m
Processing by SessionsController#new as HTML
  Rendering layout layouts/application.html.erb
  Rendering sessions/new.html.erb within layouts/application
  Rendered sessions/new.html.erb within layouts/application (Duration: 1.8ms | Allocations: 977)
  [1m[36mUser Load (0.1ms)[0m  [1m[34mSELECT "users".* FROM "users" WHERE "users"."session_token" IS NULL LIMIT ?[0m  [["LIMIT", 1]]
  ↳ app/controllers/application_controller.rb:5:in `current_user'
  Rendered layout layouts/application.html.erb (Duration: 27.5ms | Allocations: 39159)
Completed 200 OK in 36ms (Views: 29.3ms | ActiveRecord: 0.3ms | Allocations: 48315)


Started POST "/session" for ::1 at 2022-09-23 16:40:06 -0700
Processing by SessionsController#create as TURBO_STREAM
  Parameters: {"authenticity_token"=>"[FILTERED]", "user"=>{"username"=>"", "password"=>"[FILTERED]"}}
  [1m[36mUser Load (0.3ms)[0m  [1m[34mSELECT "users".* FROM "users" WHERE "users"."username" = ? LIMIT ?[0m  [["username", ""], ["LIMIT", 1]]
  ↳ app/models/user.rb:27:in `find_by_credentials'
  Rendering layout layouts/application.html.erb
  Rendering sessions/new.html.erb within layouts/application
  Rendered sessions/new.html.erb within layouts/application (Duration: 0.2ms | Allocations: 77)
  [1m[36mUser Load (0.1ms)[0m  [1m[34mSELECT "users".* FROM "users" WHERE "users"."session_token" IS NULL LIMIT ?[0m  [["LIMIT", 1]]
  ↳ app/controllers/application_controller.rb:5:in `current_user'
  Rendered layout layouts/application.html.erb (Duration: 3.7ms | Allocations: 3023)
Completed 200 OK in 262ms (Views: 3.9ms | ActiveRecord: 0.4ms | Allocations: 5907)


Started POST "/session" for ::1 at 2022-09-23 16:40:07 -0700
Processing by SessionsController#create as TURBO_STREAM
  Parameters: {"authenticity_token"=>"[FILTERED]", "user"=>{"username"=>"", "password"=>"[FILTERED]"}}
  [1m[36mUser Load (0.4ms)[0m  [1m[34mSELECT "users".* FROM "users" WHERE "users"."username" = ? LIMIT ?[0m  [["username", ""], ["LIMIT", 1]]
  ↳ app/models/user.rb:27:in `find_by_credentials'
  Rendering layout layouts/application.html.erb
  Rendering sessions/new.html.erb within layouts/application
  Rendered sessions/new.html.erb within layouts/application (Duration: 0.1ms | Allocations: 58)
  [1m[36mUser Load (0.2ms)[0m  [1m[34mSELECT "users".* FROM "users" WHERE "users"."session_token" IS NULL LIMIT ?[0m  [["LIMIT", 1]]
  ↳ app/controllers/application_controller.rb:5:in `current_user'
  Rendered layout layouts/application.html.erb (Duration: 5.6ms | Allocations: 2887)
Completed 200 OK in 262ms (Views: 5.6ms | ActiveRecord: 0.7ms | Allocations: 3915)


Started POST "/session" for ::1 at 2022-09-23 16:40:07 -0700
Processing by SessionsController#create as TURBO_STREAM
  Parameters: {"authenticity_token"=>"[FILTERED]", "user"=>{"username"=>"", "password"=>"[FILTERED]"}}
  [1m[36mUser Load (0.2ms)[0m  [1m[34mSELECT "users".* FROM "users" WHERE "users"."username" = ? LIMIT ?[0m  [["username", ""], ["LIMIT", 1]]
  ↳ app/models/user.rb:27:in `find_by_credentials'
  Rendering layout layouts/application.html.erb
  Rendering sessions/new.html.erb within layouts/application
  Rendered sessions/new.html.erb within layouts/application (Duration: 0.2ms | Allocations: 58)
  [1m[36mUser Load (0.1ms)[0m  [1m[34mSELECT "users".* FROM "users" WHERE "users"."session_token" IS NULL LIMIT ?[0m  [["LIMIT", 1]]
  ↳ app/controllers/application_controller.rb:5:in `current_user'
  Rendered layout layouts/application.html.erb (Duration: 2.3ms | Allocations: 2874)
Completed 200 OK in 261ms (Views: 2.6ms | ActiveRecord: 0.3ms | Allocations: 3906)


Started POST "/session" for ::1 at 2022-09-23 16:40:20 -0700
Processing by SessionsController#create as TURBO_STREAM
  Parameters: {"authenticity_token"=>"[FILTERED]", "user"=>{"username"=>"", "password"=>"[FILTERED]"}}
  [1m[36mUser Load (0.1ms)[0m  [1m[34mSELECT "users".* FROM "users" WHERE "users"."username" = ? LIMIT ?[0m  [["username", ""], ["LIMIT", 1]]
  ↳ app/models/user.rb:27:in `find_by_credentials'
Completed 500 Internal Server Error in 60510ms (ActiveRecord: 0.4ms | Allocations: 94619)



SystemExit - exit:
  (byebug):1:in `create'
  app/controllers/sessions_controller.rb:19:in `create'

Started GET "/session/new" for ::1 at 2022-09-23 16:41:20 -0700
Started POST "/__better_errors/51d94905298dc7df/variables" for ::1 at 2022-09-23 16:41:20 -0700
Processing by SessionsController#new as HTML
  Rendering layout layouts/application.html.erb
  Rendering sessions/new.html.erb within layouts/application
  Rendered sessions/new.html.erb within layouts/application (Duration: 5.4ms | Allocations: 98005)
  [1m[36mUser Load (0.5ms)[0m  [1m[34mSELECT "users".* FROM "users" WHERE "users"."session_token" IS NULL LIMIT ?[0m  [["LIMIT", 1]]
  ↳ app/controllers/application_controller.rb:5:in `current_user'
  Rendered layout layouts/application.html.erb (Duration: 113.5ms | Allocations: 2799845)
Completed 200 OK in 168ms (Views: 118.6ms | ActiveRecord: 3.9ms | Allocations: 4157534)


Started POST "/session" for ::1 at 2022-09-23 16:41:25 -0700
Processing by SessionsController#create as TURBO_STREAM
  Parameters: {"authenticity_token"=>"[FILTERED]", "user"=>{"username"=>"", "password"=>"[FILTERED]"}}
  [1m[36mUser Load (1.4ms)[0m  [1m[34mSELECT "users".* FROM "users" WHERE "users"."username" = ? LIMIT ?[0m  [["username", ""], ["LIMIT", 1]]
  ↳ app/models/user.rb:27:in `find_by_credentials'
  Rendering layout layouts/application.html.erb
  Rendering sessions/new.html.erb within layouts/application
  Rendered sessions/new.html.erb within layouts/application (Duration: 2.0ms | Allocations: 48105)
  [1m[36mUser Load (0.4ms)[0m  [1m[34mSELECT "users".* FROM "users" WHERE "users"."session_token" IS NULL LIMIT ?[0m  [["LIMIT", 1]]
  ↳ app/controllers/application_controller.rb:5:in `current_user'
  Rendered layout layouts/application.html.erb (Duration: 30.2ms | Allocations: 790965)
Completed 200 OK in 282ms (Views: 33.8ms | ActiveRecord: 1.8ms | Allocations: 1239990)


Started POST "/session" for ::1 at 2022-09-23 16:41:27 -0700
Processing by SessionsController#create as TURBO_STREAM
  Parameters: {"authenticity_token"=>"[FILTERED]", "user"=>{"username"=>"", "password"=>"[FILTERED]"}}
  [1m[36mUser Load (0.7ms)[0m  [1m[34mSELECT "users".* FROM "users" WHERE "users"."username" = ? LIMIT ?[0m  [["username", ""], ["LIMIT", 1]]
  ↳ app/models/user.rb:27:in `find_by_credentials'
  Rendering layout layouts/application.html.erb
  Rendering sessions/new.html.erb within layouts/application
  Rendered sessions/new.html.erb within layouts/application (Duration: 2.2ms | Allocations: 53164)
  [1m[36mUser Load (0.4ms)[0m  [1m[34mSELECT "users".* FROM "users" WHERE "users"."session_token" IS NULL LIMIT ?[0m  [["LIMIT", 1]]
  ↳ app/controllers/application_controller.rb:5:in `current_user'
  Rendered layout layouts/application.html.erb (Duration: 33.9ms | Allocations: 873872)
Completed 200 OK in 285ms (Views: 41.0ms | ActiveRecord: 1.1ms | Allocations: 1265747)


Started POST "/session" for ::1 at 2022-09-23 16:43:30 -0700
Processing by SessionsController#create as TURBO_STREAM
  Parameters: {"authenticity_token"=>"[FILTERED]", "user"=>{"username"=>"", "password"=>"[FILTERED]"}}
  [1m[36mUser Load (0.7ms)[0m  [1m[34mSELECT "users".* FROM "users" WHERE "users"."username" = ? LIMIT ?[0m  [["username", ""], ["LIMIT", 1]]
  ↳ app/models/user.rb:27:in `find_by_credentials'
  Rendering layout layouts/application.html.erb
  Rendering sessions/new.html.erb within layouts/application
  Rendered sessions/new.html.erb within layouts/application (Duration: 4.2ms | Allocations: 95810)
  [1m[36mUser Load (0.4ms)[0m  [1m[34mSELECT "users".* FROM "users" WHERE "users"."session_token" IS NULL LIMIT ?[0m  [["LIMIT", 1]]
  ↳ app/controllers/application_controller.rb:5:in `current_user'
  Rendered layout layouts/application.html.erb (Duration: 42.8ms | Allocations: 1049814)
Completed 200 OK in 294ms (Views: 50.0ms | ActiveRecord: 1.1ms | Allocations: 1546091)


Started POST "/session" for ::1 at 2022-09-23 16:43:31 -0700
Processing by SessionsController#create as TURBO_STREAM
  Parameters: {"authenticity_token"=>"[FILTERED]", "user"=>{"username"=>"", "password"=>"[FILTERED]"}}
  [1m[36mUser Load (0.7ms)[0m  [1m[34mSELECT "users".* FROM "users" WHERE "users"."username" = ? LIMIT ?[0m  [["username", ""], ["LIMIT", 1]]
  ↳ app/models/user.rb:27:in `find_by_credentials'
  Rendering layout layouts/application.html.erb
  Rendering sessions/new.html.erb within layouts/application
  Rendered sessions/new.html.erb within layouts/application (Duration: 2.0ms | Allocations: 61104)
  [1m[36mUser Load (0.4ms)[0m  [1m[34mSELECT "users".* FROM "users" WHERE "users"."session_token" IS NULL LIMIT ?[0m  [["LIMIT", 1]]
  ↳ app/controllers/application_controller.rb:5:in `current_user'
  Rendered layout layouts/application.html.erb (Duration: 34.5ms | Allocations: 959731)
Completed 200 OK in 282ms (Views: 38.0ms | ActiveRecord: 1.2ms | Allocations: 1391016)


Started POST "/session" for ::1 at 2022-09-23 16:43:36 -0700
Processing by SessionsController#create as TURBO_STREAM
  Parameters: {"authenticity_token"=>"[FILTERED]", "user"=>{"username"=>"", "password"=>"[FILTERED]"}}
  [1m[36mUser Load (0.6ms)[0m  [1m[34mSELECT "users".* FROM "users" WHERE "users"."username" = ? LIMIT ?[0m  [["username", ""], ["LIMIT", 1]]
  ↳ app/models/user.rb:27:in `find_by_credentials'
  Rendering layout layouts/application.html.erb
  Rendering sessions/new.html.erb within layouts/application
  Rendered sessions/new.html.erb within layouts/application (Duration: 2.8ms | Allocations: 61104)
  [1m[36mUser Load (0.9ms)[0m  [1m[34mSELECT "users".* FROM "users" WHERE "users"."session_token" IS NULL LIMIT ?[0m  [["LIMIT", 1]]
  ↳ app/controllers/application_controller.rb:5:in `current_user'
  Rendered layout layouts/application.html.erb (Duration: 36.2ms | Allocations: 959662)
Completed 200 OK in 280ms (Views: 39.2ms | ActiveRecord: 1.5ms | Allocations: 1390761)


Started POST "/session" for ::1 at 2022-09-23 16:43:50 -0700
Processing by SessionsController#create as TURBO_STREAM
  Parameters: {"authenticity_token"=>"[FILTERED]", "user"=>{"username"=>"", "password"=>"[FILTERED]"}}
  [1m[36mUser Load (0.6ms)[0m  [1m[34mSELECT "users".* FROM "users" WHERE "users"."username" = ? LIMIT ?[0m  [["username", ""], ["LIMIT", 1]]
  ↳ app/models/user.rb:27:in `find_by_credentials'
  Rendering layout layouts/application.html.erb
  Rendering sessions/new.html.erb within layouts/application
  Rendered sessions/new.html.erb within layouts/application (Duration: 2.9ms | Allocations: 61160)
  [1m[36mUser Load (0.6ms)[0m  [1m[34mSELECT "users".* FROM "users" WHERE "users"."session_token" IS NULL LIMIT ?[0m  [["LIMIT", 1]]
  ↳ app/controllers/application_controller.rb:5:in `current_user'
  Rendered layout layouts/application.html.erb (Duration: 135.1ms | Allocations: 3645236)
Completed 200 OK in 440ms (Views: 139.5ms | ActiveRecord: 5.8ms | Allocations: 5809331)


Started POST "/session" for ::1 at 2022-09-23 16:46:22 -0700
Processing by SessionsController#create as TURBO_STREAM
  Parameters: {"authenticity_token"=>"[FILTERED]", "user"=>{"username"=>"", "password"=>"[FILTERED]"}}
  [1m[36mUser Load (1.5ms)[0m  [1m[34mSELECT "users".* FROM "users" WHERE "users"."username" = ? LIMIT ?[0m  [["username", ""], ["LIMIT", 1]]
  ↳ app/models/user.rb:27:in `find_by_credentials'
  Rendering layout layouts/application.html.erb
  Rendering sessions/new.html.erb within layouts/application
  Rendered sessions/new.html.erb within layouts/application (Duration: 4.3ms | Allocations: 95824)
  [1m[36mUser Load (0.7ms)[0m  [1m[34mSELECT "users".* FROM "users" WHERE "users"."session_token" IS NULL LIMIT ?[0m  [["LIMIT", 1]]
  ↳ app/controllers/application_controller.rb:5:in `current_user'
  Rendered layout layouts/application.html.erb (Duration: 141.8ms | Allocations: 3752035)
Completed 200 OK in 458ms (Views: 148.1ms | ActiveRecord: 7.8ms | Allocations: 5969356)


Started POST "/session" for ::1 at 2022-09-23 16:46:39 -0700
  [1m[36mActiveRecord::SchemaMigration Pluck (0.0ms)[0m  [1m[34mSELECT "schema_migrations"."version" FROM "schema_migrations" ORDER BY "schema_migrations"."version" ASC[0m
Processing by SessionsController#create as TURBO_STREAM
  Parameters: {"authenticity_token"=>"[FILTERED]", "user"=>{"username"=>"", "password"=>"[FILTERED]"}}
  [1m[36mUser Load (0.1ms)[0m  [1m[34mSELECT "users".* FROM "users" WHERE "users"."username" = ? LIMIT ?[0m  [["username", ""], ["LIMIT", 1]]
  ↳ app/models/user.rb:27:in `find_by_credentials'
  Rendering layout layouts/application.html.erb
  Rendering sessions/new.html.erb within layouts/application
  Rendered sessions/new.html.erb within layouts/application (Duration: 0.6ms | Allocations: 552)
  [1m[36mUser Load (0.1ms)[0m  [1m[34mSELECT "users".* FROM "users" WHERE "users"."session_token" IS NULL LIMIT ?[0m  [["LIMIT", 1]]
  ↳ app/controllers/application_controller.rb:5:in `current_user'
  Rendered layout layouts/application.html.erb (Duration: 18.1ms | Allocations: 36793)
Completed 200 OK in 268ms (Views: 22.1ms | ActiveRecord: 0.4ms | Allocations: 50327)


Started POST "/session" for ::1 at 2022-09-23 16:46:40 -0700
Processing by SessionsController#create as TURBO_STREAM
  Parameters: {"authenticity_token"=>"[FILTERED]", "user"=>{"username"=>"", "password"=>"[FILTERED]"}}
  [1m[36mUser Load (0.2ms)[0m  [1m[34mSELECT "users".* FROM "users" WHERE "users"."username" = ? LIMIT ?[0m  [["username", ""], ["LIMIT", 1]]
  ↳ app/models/user.rb:27:in `find_by_credentials'
  Rendering layout layouts/application.html.erb
  Rendering sessions/new.html.erb within layouts/application
  Rendered sessions/new.html.erb within layouts/application (Duration: 0.4ms | Allocations: 293)
  [1m[36mUser Load (0.0ms)[0m  [1m[34mSELECT "users".* FROM "users" WHERE "users"."session_token" IS NULL LIMIT ?[0m  [["LIMIT", 1]]
  ↳ app/controllers/application_controller.rb:5:in `current_user'
  Rendered layout layouts/application.html.erb (Duration: 2.4ms | Allocations: 3780)
Completed 200 OK in 258ms (Views: 3.8ms | ActiveRecord: 0.3ms | Allocations: 5594)


Started POST "/session" for ::1 at 2022-09-23 16:46:41 -0700
Processing by SessionsController#create as TURBO_STREAM
  Parameters: {"authenticity_token"=>"[FILTERED]", "user"=>{"username"=>"", "password"=>"[FILTERED]"}}
  [1m[36mUser Load (1.2ms)[0m  [1m[34mSELECT "users".* FROM "users" WHERE "users"."username" = ? LIMIT ?[0m  [["username", ""], ["LIMIT", 1]]
  ↳ app/models/user.rb:27:in `find_by_credentials'
  Rendering layout layouts/application.html.erb
  Rendering sessions/new.html.erb within layouts/application
  Rendered sessions/new.html.erb within layouts/application (Duration: 0.2ms | Allocations: 64)
  [1m[36mUser Load (0.0ms)[0m  [1m[34mSELECT "users".* FROM "users" WHERE "users"."session_token" IS NULL LIMIT ?[0m  [["LIMIT", 1]]
  ↳ app/controllers/application_controller.rb:5:in `current_user'
  Rendered layout layouts/application.html.erb (Duration: 2.0ms | Allocations: 2879)
Completed 200 OK in 261ms (Views: 2.2ms | ActiveRecord: 1.2ms | Allocations: 4031)


Started GET "/users/new" for ::1 at 2022-09-23 16:48:22 -0700
Processing by UsersController#new as HTML
  Rendering layout layouts/application.html.erb
  Rendering users/new.html.erb within layouts/application
  Rendered users/new.html.erb within layouts/application (Duration: 1.2ms | Allocations: 557)
  [1m[36mUser Load (0.1ms)[0m  [1m[34mSELECT "users".* FROM "users" WHERE "users"."session_token" IS NULL LIMIT ?[0m  [["LIMIT", 1]]
  ↳ app/controllers/application_controller.rb:5:in `current_user'
  Rendered layout layouts/application.html.erb (Duration: 7.7ms | Allocations: 4089)
Completed 200 OK in 11ms (Views: 9.9ms | ActiveRecord: 0.1ms | Allocations: 5057)


Started GET "/session/new" for ::1 at 2022-09-23 16:48:27 -0700
Processing by SessionsController#new as HTML
  Rendering layout layouts/application.html.erb
  Rendering sessions/new.html.erb within layouts/application
  Rendered sessions/new.html.erb within layouts/application (Duration: 2.1ms | Allocations: 570)
  [1m[36mUser Load (0.1ms)[0m  [1m[34mSELECT "users".* FROM "users" WHERE "users"."session_token" IS NULL LIMIT ?[0m  [["LIMIT", 1]]
  ↳ app/controllers/application_controller.rb:5:in `current_user'
  Rendered layout layouts/application.html.erb (Duration: 7.3ms | Allocations: 3738)
Completed 200 OK in 11ms (Views: 10.3ms | ActiveRecord: 0.1ms | Allocations: 4369)


Started POST "/session" for ::1 at 2022-09-23 16:48:31 -0700
Processing by SessionsController#create as TURBO_STREAM
  Parameters: {"authenticity_token"=>"[FILTERED]", "user"=>{"username"=>"hello_2", "password"=>"[FILTERED]"}}
  [1m[36mUser Load (0.3ms)[0m  [1m[34mSELECT "users".* FROM "users" WHERE "users"."username" = ? LIMIT ?[0m  [["username", "hello_2"], ["LIMIT", 1]]
  ↳ app/models/user.rb:27:in `find_by_credentials'
  [1m[36mTRANSACTION (0.0ms)[0m  [1m[36mbegin transaction[0m
  ↳ app/models/user.rb:47:in `reset_session_token!'
  [1m[36mUser Exists? (0.1ms)[0m  [1m[34mSELECT 1 AS one FROM "users" WHERE "users"."username" = ? AND "users"."id" != ? LIMIT ?[0m  [["username", "hello_2"], ["id", 1], ["LIMIT", 1]]
  ↳ app/models/user.rb:47:in `reset_session_token!'
  [1m[36mUser Exists? (0.0ms)[0m  [1m[34mSELECT 1 AS one FROM "users" WHERE "users"."session_token" = ? AND "users"."id" != ? LIMIT ?[0m  [["session_token", "[FILTERED]"], ["id", 1], ["LIMIT", 1]]
  ↳ app/models/user.rb:47:in `reset_session_token!'
  [1m[36mUser Update (0.8ms)[0m  [1m[33mUPDATE "users" SET "session_token" = ?, "updated_at" = ? WHERE "users"."id" = ?[0m  [["session_token", "[FILTERED]"], ["updated_at", "2022-09-23 23:48:32.157380"], ["id", 1]]
  ↳ app/models/user.rb:47:in `reset_session_token!'
  [1m[36mTRANSACTION (0.3ms)[0m  [1m[36mcommit transaction[0m
  ↳ app/models/user.rb:47:in `reset_session_token!'
Redirected to http://localhost:3000/subs
Completed 302 Found in 262ms (ActiveRecord: 1.6ms | Allocations: 6749)


Started GET "/subs" for ::1 at 2022-09-23 16:48:32 -0700
Processing by SubsController#index as TURBO_STREAM
  Rendering layout layouts/application.html.erb
  Rendering subs/index.html.erb within layouts/application
  [1m[36mSub Load (0.1ms)[0m  [1m[34mSELECT "subs".* FROM "subs"[0m
  ↳ app/views/subs/index.html.erb:2
  Rendered subs/index.html.erb within layouts/application (Duration: 0.6ms | Allocations: 870)
  [1m[36mUser Load (0.0ms)[0m  [1m[34mSELECT "users".* FROM "users" WHERE "users"."session_token" = ? LIMIT ?[0m  [["session_token", "[FILTERED]"], ["LIMIT", 1]]
  ↳ app/controllers/application_controller.rb:5:in `current_user'
  Rendered layout layouts/application.html.erb (Duration: 2.5ms | Allocations: 4363)
Completed 200 OK in 5ms (Views: 3.0ms | ActiveRecord: 0.1ms | Allocations: 6517)


Started DELETE "/session" for ::1 at 2022-09-23 16:48:37 -0700
Processing by SessionsController#destroy as TURBO_STREAM
  Parameters: {"authenticity_token"=>"[FILTERED]"}
  [1m[36mUser Load (0.2ms)[0m  [1m[34mSELECT "users".* FROM "users" WHERE "users"."session_token" = ? LIMIT ?[0m  [["session_token", "[FILTERED]"], ["LIMIT", 1]]
  ↳ app/controllers/application_controller.rb:5:in `current_user'
  [1m[36mTRANSACTION (0.1ms)[0m  [1m[36mbegin transaction[0m
  ↳ app/models/user.rb:47:in `reset_session_token!'
  [1m[36mUser Exists? (0.2ms)[0m  [1m[34mSELECT 1 AS one FROM "users" WHERE "users"."username" = ? AND "users"."id" != ? LIMIT ?[0m  [["username", "hello_2"], ["id", 1], ["LIMIT", 1]]
  ↳ app/models/user.rb:47:in `reset_session_token!'
  [1m[36mUser Exists? (0.1ms)[0m  [1m[34mSELECT 1 AS one FROM "users" WHERE "users"."session_token" = ? AND "users"."id" != ? LIMIT ?[0m  [["session_token", "[FILTERED]"], ["id", 1], ["LIMIT", 1]]
  ↳ app/models/user.rb:47:in `reset_session_token!'
  [1m[36mUser Update (0.6ms)[0m  [1m[33mUPDATE "users" SET "session_token" = ?, "updated_at" = ? WHERE "users"."id" = ?[0m  [["session_token", "[FILTERED]"], ["updated_at", "2022-09-23 23:48:37.985284"], ["id", 1]]
  ↳ app/models/user.rb:47:in `reset_session_token!'
  [1m[36mTRANSACTION (0.8ms)[0m  [1m[36mcommit transaction[0m
  ↳ app/models/user.rb:47:in `reset_session_token!'
Redirected to http://localhost:3000/session/new
Completed 302 Found in 13ms (ActiveRecord: 2.1ms | Allocations: 4457)


Started GET "/session/new" for ::1 at 2022-09-23 16:48:37 -0700
Processing by SessionsController#new as TURBO_STREAM
  Rendering layout layouts/application.html.erb
  Rendering sessions/new.html.erb within layouts/application
  Rendered sessions/new.html.erb within layouts/application (Duration: 0.5ms | Allocations: 302)
  [1m[36mUser Load (0.1ms)[0m  [1m[34mSELECT "users".* FROM "users" WHERE "users"."session_token" IS NULL LIMIT ?[0m  [["LIMIT", 1]]
  ↳ app/controllers/application_controller.rb:5:in `current_user'
  Rendered layout layouts/application.html.erb (Duration: 4.1ms | Allocations: 3122)
Completed 200 OK in 5ms (Views: 4.6ms | ActiveRecord: 0.1ms | Allocations: 3408)


Started POST "/session" for ::1 at 2022-09-23 16:48:43 -0700
Processing by SessionsController#create as TURBO_STREAM
  Parameters: {"authenticity_token"=>"[FILTERED]", "user"=>{"username"=>"hello", "password"=>"[FILTERED]"}}
  [1m[36mUser Load (0.2ms)[0m  [1m[34mSELECT "users".* FROM "users" WHERE "users"."username" = ? LIMIT ?[0m  [["username", "hello"], ["LIMIT", 1]]
  ↳ app/models/user.rb:27:in `find_by_credentials'
  Rendering layout layouts/application.html.erb
  Rendering sessions/new.html.erb within layouts/application
  Rendered sessions/new.html.erb within layouts/application (Duration: 0.2ms | Allocations: 66)
  [1m[36mUser Load (0.1ms)[0m  [1m[34mSELECT "users".* FROM "users" WHERE "users"."session_token" IS NULL LIMIT ?[0m  [["LIMIT", 1]]
  ↳ app/controllers/application_controller.rb:5:in `current_user'
  Rendered layout layouts/application.html.erb (Duration: 2.3ms | Allocations: 2881)
Completed 200 OK in 259ms (Views: 2.5ms | ActiveRecord: 0.2ms | Allocations: 3949)


Started POST "/session" for ::1 at 2022-09-23 16:48:44 -0700
Processing by SessionsController#create as TURBO_STREAM
  Parameters: {"authenticity_token"=>"[FILTERED]", "user"=>{"username"=>"hello", "password"=>"[FILTERED]"}}
  [1m[36mUser Load (0.3ms)[0m  [1m[34mSELECT "users".* FROM "users" WHERE "users"."username" = ? LIMIT ?[0m  [["username", "hello"], ["LIMIT", 1]]
  ↳ app/models/user.rb:27:in `find_by_credentials'
  Rendering layout layouts/application.html.erb
  Rendering sessions/new.html.erb within layouts/application
  Rendered sessions/new.html.erb within layouts/application (Duration: 0.2ms | Allocations: 64)
  [1m[36mUser Load (0.1ms)[0m  [1m[34mSELECT "users".* FROM "users" WHERE "users"."session_token" IS NULL LIMIT ?[0m  [["LIMIT", 1]]
  ↳ app/controllers/application_controller.rb:5:in `current_user'
  Rendered layout layouts/application.html.erb (Duration: 2.6ms | Allocations: 2878)
Completed 200 OK in 262ms (Views: 2.9ms | ActiveRecord: 0.4ms | Allocations: 3919)


Started POST "/session" for ::1 at 2022-09-23 16:48:45 -0700
Processing by SessionsController#create as TURBO_STREAM
  Parameters: {"authenticity_token"=>"[FILTERED]", "user"=>{"username"=>"hello", "password"=>"[FILTERED]"}}
  [1m[36mUser Load (0.2ms)[0m  [1m[34mSELECT "users".* FROM "users" WHERE "users"."username" = ? LIMIT ?[0m  [["username", "hello"], ["LIMIT", 1]]
  ↳ app/models/user.rb:27:in `find_by_credentials'
  Rendering layout layouts/application.html.erb
  Rendering sessions/new.html.erb within layouts/application
  Rendered sessions/new.html.erb within layouts/application (Duration: 0.3ms | Allocations: 64)
  [1m[36mUser Load (0.1ms)[0m  [1m[34mSELECT "users".* FROM "users" WHERE "users"."session_token" IS NULL LIMIT ?[0m  [["LIMIT", 1]]
  ↳ app/controllers/application_controller.rb:5:in `current_user'
  Rendered layout layouts/application.html.erb (Duration: 2.7ms | Allocations: 2878)
Completed 200 OK in 260ms (Views: 3.1ms | ActiveRecord: 0.3ms | Allocations: 3901)


Started POST "/session" for ::1 at 2022-09-23 16:48:53 -0700
Processing by SessionsController#create as TURBO_STREAM
  Parameters: {"authenticity_token"=>"[FILTERED]", "user"=>{"username"=>"hello", "password"=>"[FILTERED]"}}
  [1m[36mUser Load (0.1ms)[0m  [1m[34mSELECT "users".* FROM "users" WHERE "users"."username" = ? LIMIT ?[0m  [["username", "hello"], ["LIMIT", 1]]
  ↳ app/models/user.rb:27:in `find_by_credentials'
  Rendering layout layouts/application.html.erb
  Rendering sessions/new.html.erb within layouts/application
  Rendered sessions/new.html.erb within layouts/application (Duration: 0.2ms | Allocations: 64)
  [1m[36mUser Load (0.1ms)[0m  [1m[34mSELECT "users".* FROM "users" WHERE "users"."session_token" IS NULL LIMIT ?[0m  [["LIMIT", 1]]
  ↳ app/controllers/application_controller.rb:5:in `current_user'
  Rendered layout layouts/application.html.erb (Duration: 2.4ms | Allocations: 2878)
Completed 200 OK in 237ms (Views: 2.7ms | ActiveRecord: 0.1ms | Allocations: 3904)


Started POST "/session" for ::1 at 2022-09-23 16:48:58 -0700
Processing by SessionsController#create as TURBO_STREAM
  Parameters: {"authenticity_token"=>"[FILTERED]", "user"=>{"username"=>"hello", "password"=>"[FILTERED]"}}
  [1m[36mUser Load (0.2ms)[0m  [1m[34mSELECT "users".* FROM "users" WHERE "users"."username" = ? LIMIT ?[0m  [["username", "hello"], ["LIMIT", 1]]
  ↳ app/models/user.rb:27:in `find_by_credentials'
  Rendering layout layouts/application.html.erb
  Rendering sessions/new.html.erb within layouts/application
  Rendered sessions/new.html.erb within layouts/application (Duration: 0.2ms | Allocations: 64)
  [1m[36mUser Load (0.1ms)[0m  [1m[34mSELECT "users".* FROM "users" WHERE "users"."session_token" IS NULL LIMIT ?[0m  [["LIMIT", 1]]
  ↳ app/controllers/application_controller.rb:5:in `current_user'
  Rendered layout layouts/application.html.erb (Duration: 2.3ms | Allocations: 2878)
Completed 200 OK in 258ms (Views: 2.6ms | ActiveRecord: 0.3ms | Allocations: 3895)


Started POST "/session" for ::1 at 2022-09-23 16:50:00 -0700
Processing by SessionsController#create as TURBO_STREAM
  Parameters: {"authenticity_token"=>"[FILTERED]", "user"=>{"username"=>"hello", "password"=>"[FILTERED]"}}
  [1m[36mUser Load (0.1ms)[0m  [1m[34mSELECT "users".* FROM "users" WHERE "users"."username" = ? LIMIT ?[0m  [["username", "hello"], ["LIMIT", 1]]
  ↳ app/models/user.rb:27:in `find_by_credentials'
  Rendering layout layouts/application.html.erb
  Rendering sessions/new.html.erb within layouts/application
  Rendered sessions/new.html.erb within layouts/application (Duration: 0.5ms | Allocations: 375)
  [1m[36mUser Load (0.1ms)[0m  [1m[34mSELECT "users".* FROM "users" WHERE "users"."session_token" IS NULL LIMIT ?[0m  [["LIMIT", 1]]
  ↳ app/controllers/application_controller.rb:5:in `current_user'
  Rendered layout layouts/application.html.erb (Duration: 5.5ms | Allocations: 3858)
Completed 200 OK in 256ms (Views: 6.7ms | ActiveRecord: 0.2ms | Allocations: 5457)


Started POST "/session" for ::1 at 2022-09-23 16:50:01 -0700
Processing by SessionsController#create as TURBO_STREAM
  Parameters: {"authenticity_token"=>"[FILTERED]", "user"=>{"username"=>"hello", "password"=>"[FILTERED]"}}
  [1m[36mUser Load (0.1ms)[0m  [1m[34mSELECT "users".* FROM "users" WHERE "users"."username" = ? LIMIT ?[0m  [["username", "hello"], ["LIMIT", 1]]
  ↳ app/models/user.rb:27:in `find_by_credentials'
  Rendering layout layouts/application.html.erb
  Rendering sessions/new.html.erb within layouts/application
  Rendered sessions/new.html.erb within layouts/application (Duration: 0.5ms | Allocations: 373)
  [1m[36mUser Load (0.1ms)[0m  [1m[34mSELECT "users".* FROM "users" WHERE "users"."session_token" IS NULL LIMIT ?[0m  [["LIMIT", 1]]
  ↳ app/controllers/application_controller.rb:5:in `current_user'
  Rendered layout layouts/application.html.erb (Duration: 3.3ms | Allocations: 3856)
Completed 200 OK in 248ms (Views: 4.4ms | ActiveRecord: 0.2ms | Allocations: 5560)


Started GET "/session/new" for ::1 at 2022-09-23 16:51:03 -0700
Processing by SessionsController#new as HTML
  Rendering layout layouts/application.html.erb
  Rendering sessions/new.html.erb within layouts/application
  Rendered sessions/new.html.erb within layouts/application (Duration: 2.6ms | Allocations: 649)
  [1m[36mUser Load (0.1ms)[0m  [1m[34mSELECT "users".* FROM "users" WHERE "users"."session_token" IS NULL LIMIT ?[0m  [["LIMIT", 1]]
  ↳ app/controllers/application_controller.rb:5:in `current_user'
  Rendered layout layouts/application.html.erb (Duration: 10.7ms | Allocations: 4142)
Completed 200 OK in 21ms (Views: 18.3ms | ActiveRecord: 0.1ms | Allocations: 4955)


Started GET "/session/new" for ::1 at 2022-09-23 16:55:46 -0700
Processing by SessionsController#new as HTML
  Rendering layout layouts/application.html.erb
  Rendering sessions/new.html.erb within layouts/application
  Rendered sessions/new.html.erb within layouts/application (Duration: 0.9ms | Allocations: 655)
  [1m[36mUser Load (0.1ms)[0m  [1m[34mSELECT "users".* FROM "users" WHERE "users"."session_token" IS NULL LIMIT ?[0m  [["LIMIT", 1]]
  ↳ app/controllers/application_controller.rb:5:in `current_user'
  Rendered layout layouts/application.html.erb (Duration: 9.0ms | Allocations: 16068)
Completed 200 OK in 19ms (Views: 9.7ms | ActiveRecord: 0.4ms | Allocations: 20408)


Started POST "/session" for ::1 at 2022-09-23 16:55:50 -0700
Processing by SessionsController#create as TURBO_STREAM
  Parameters: {"authenticity_token"=>"[FILTERED]", "user"=>{"username"=>"", "password"=>"[FILTERED]"}}
  [1m[36mUser Load (0.4ms)[0m  [1m[34mSELECT "users".* FROM "users" WHERE "users"."username" = ? LIMIT ?[0m  [["username", ""], ["LIMIT", 1]]
  ↳ app/models/user.rb:27:in `find_by_credentials'
  Rendering layout layouts/application.html.erb
  Rendering sessions/new.html.erb within layouts/application
  Rendered sessions/new.html.erb within layouts/application (Duration: 0.3ms | Allocations: 67)
  [1m[36mUser Load (0.0ms)[0m  [1m[34mSELECT "users".* FROM "users" WHERE "users"."session_token" IS NULL LIMIT ?[0m  [["LIMIT", 1]]
  ↳ app/controllers/application_controller.rb:5:in `current_user'
  Rendered layout layouts/application.html.erb (Duration: 2.5ms | Allocations: 2886)
Completed 200 OK in 258ms (Views: 3.0ms | ActiveRecord: 0.5ms | Allocations: 4232)


Started POST "/session" for ::1 at 2022-09-23 16:55:51 -0700
Processing by SessionsController#create as TURBO_STREAM
  Parameters: {"authenticity_token"=>"[FILTERED]", "user"=>{"username"=>"", "password"=>"[FILTERED]"}}
  [1m[36mUser Load (0.2ms)[0m  [1m[34mSELECT "users".* FROM "users" WHERE "users"."username" = ? LIMIT ?[0m  [["username", ""], ["LIMIT", 1]]
  ↳ app/models/user.rb:27:in `find_by_credentials'
  Rendering layout layouts/application.html.erb
  Rendering sessions/new.html.erb within layouts/application
  Rendered sessions/new.html.erb within layouts/application (Duration: 0.2ms | Allocations: 65)
  [1m[36mUser Load (0.0ms)[0m  [1m[34mSELECT "users".* FROM "users" WHERE "users"."session_token" IS NULL LIMIT ?[0m  [["LIMIT", 1]]
  ↳ app/controllers/application_controller.rb:5:in `current_user'
  Rendered layout layouts/application.html.erb (Duration: 2.1ms | Allocations: 2881)
Completed 200 OK in 260ms (Views: 2.3ms | ActiveRecord: 0.2ms | Allocations: 3905)


Started POST "/session" for ::1 at 2022-09-23 16:56:01 -0700
Processing by SessionsController#create as TURBO_STREAM
  Parameters: {"authenticity_token"=>"[FILTERED]", "user"=>{"username"=>"", "password"=>"[FILTERED]"}}
  [1m[36mUser Load (0.0ms)[0m  [1m[34mSELECT "users".* FROM "users" WHERE "users"."username" = ? LIMIT ?[0m  [["username", ""], ["LIMIT", 1]]
  ↳ app/models/user.rb:27:in `find_by_credentials'
Completed 500 Internal Server Error in 60938ms (ActiveRecord: 0.3ms | Allocations: 92148)



SystemExit - exit:
  (byebug):1:in `create'
  app/controllers/sessions_controller.rb:18:in `create'

Started POST "/__better_errors/d721acc3928078ad/variables" for ::1 at 2022-09-23 16:57:02 -0700
